running egg_info
writing ../../build/pioneer_robot/pioneer_robot.egg-info/PKG-INFO
writing dependency_links to ../../build/pioneer_robot/pioneer_robot.egg-info/dependency_links.txt
writing requirements to ../../build/pioneer_robot/pioneer_robot.egg-info/requires.txt
writing top-level names to ../../build/pioneer_robot/pioneer_robot.egg-info/top_level.txt
reading manifest file '../../build/pioneer_robot/pioneer_robot.egg-info/SOURCES.txt'
writing manifest file '../../build/pioneer_robot/pioneer_robot.egg-info/SOURCES.txt'
running build
running build_py
running install
running install_lib
running install_data
creating /home/winton/ros2_ws/install/pioneer_robot/share/pioneer_robot/resources
creating /home/winton/ros2_ws/install/pioneer_robot/share/pioneer_robot/resources/launch
copying resources/launch/sdf.launch.py -> /home/winton/ros2_ws/install/pioneer_robot/share/pioneer_robot/resources/launch
creating /home/winton/ros2_ws/install/pioneer_robot/share/pioneer_robot/resources/worlds
copying resources/worlds/basic_urdf.sdf -> /home/winton/ros2_ws/install/pioneer_robot/share/pioneer_robot/resources/worlds
creating /home/winton/ros2_ws/install/pioneer_robot/share/pioneer_robot/resources/robots
copying resources/robots/pioneer.urdf -> /home/winton/ros2_ws/install/pioneer_robot/share/pioneer_robot/resources/robots
creating /home/winton/ros2_ws/install/pioneer_robot/share/pioneer_robot/resources/meshes
copying resources/meshes/suporte_armControl_mesh.dae -> /home/winton/ros2_ws/install/pioneer_robot/share/pioneer_robot/resources/meshes
copying resources/meshes/wheel.dae -> /home/winton/ros2_ws/install/pioneer_robot/share/pioneer_robot/resources/meshes
copying resources/meshes/tampa2_mesh.dae -> /home/winton/ros2_ws/install/pioneer_robot/share/pioneer_robot/resources/meshes
copying resources/meshes/left_hubcap.dae -> /home/winton/ros2_ws/install/pioneer_robot/share/pioneer_robot/resources/meshes
copying resources/meshes/left_hubcap_mesh.dae -> /home/winton/ros2_ws/install/pioneer_robot/share/pioneer_robot/resources/meshes
copying resources/meshes/hokuyo1.dae -> /home/winton/ros2_ws/install/pioneer_robot/share/pioneer_robot/resources/meshes
copying resources/meshes/kinect.dae -> /home/winton/ros2_ws/install/pioneer_robot/share/pioneer_robot/resources/meshes
copying resources/meshes/tampa4_mesh.dae -> /home/winton/ros2_ws/install/pioneer_robot/share/pioneer_robot/resources/meshes
copying resources/meshes/tampa3_mesh.dae -> /home/winton/ros2_ws/install/pioneer_robot/share/pioneer_robot/resources/meshes
copying resources/meshes/suporte_base_mesh.dae -> /home/winton/ros2_ws/install/pioneer_robot/share/pioneer_robot/resources/meshes
copying resources/meshes/kinect.tga -> /home/winton/ros2_ws/install/pioneer_robot/share/pioneer_robot/resources/meshes
copying resources/meshes/suporte_base_mesh2.dae -> /home/winton/ros2_ws/install/pioneer_robot/share/pioneer_robot/resources/meshes
copying resources/meshes/tv_mesh.dae -> /home/winton/ros2_ws/install/pioneer_robot/share/pioneer_robot/resources/meshes
copying resources/meshes/suporte_kinect_mesh.dae -> /home/winton/ros2_ws/install/pioneer_robot/share/pioneer_robot/resources/meshes
copying resources/meshes/back_sonar_mesh.dae -> /home/winton/ros2_ws/install/pioneer_robot/share/pioneer_robot/resources/meshes
copying resources/meshes/chassis.dae -> /home/winton/ros2_ws/install/pioneer_robot/share/pioneer_robot/resources/meshes
copying resources/meshes/arm_control_box_mesh.dae -> /home/winton/ros2_ws/install/pioneer_robot/share/pioneer_robot/resources/meshes
copying resources/meshes/axle.dae -> /home/winton/ros2_ws/install/pioneer_robot/share/pioneer_robot/resources/meshes
error: can't copy 'resources/meshes/p3at_meshes': doesn't exist or not a regular file
