[0.543s] Invoking command in '/home/winton/ros2_ws/build/pioneer_robot': DEBUGINFOD_URLS=https://debuginfod.ubuntu.com PYTHONPATH=/home/winton/ros2_ws/build/pioneer_robot/prefix_override:/usr/lib/python3/dist-packages/colcon_core/task/python/colcon_distutils_commands:/home/winton/ros2_ws/install/pioneer_robot/lib/python3.12/site-packages:${PYTHONPATH} /usr/bin/python3 -W ignore:setup.py install is deprecated -W ignore:easy_install command is deprecated setup.py develop --uninstall --editable --build-directory /home/winton/ros2_ws/build/pioneer_robot/build
[0.741s] running develop
[0.863s] Removing /home/winton/ros2_ws/install/pioneer_robot/lib/python3.12/site-packages/pioneer-robot.egg-link (link to .)
[0.887s] Invoked command in '/home/winton/ros2_ws/build/pioneer_robot' returned '0': DEBUGINFOD_URLS=https://debuginfod.ubuntu.com PYTHONPATH=/home/winton/ros2_ws/build/pioneer_robot/prefix_override:/usr/lib/python3/dist-packages/colcon_core/task/python/colcon_distutils_commands:/home/winton/ros2_ws/install/pioneer_robot/lib/python3.12/site-packages:${PYTHONPATH} /usr/bin/python3 -W ignore:setup.py install is deprecated -W ignore:easy_install command is deprecated setup.py develop --uninstall --editable --build-directory /home/winton/ros2_ws/build/pioneer_robot/build
[0.888s] Invoking command in '/home/winton/ros2_ws/src/pioneer_robot': DEBUGINFOD_URLS=https://debuginfod.ubuntu.com PYTHONPATH=/home/winton/ros2_ws/build/pioneer_robot/prefix_override:/usr/lib/python3/dist-packages/colcon_core/task/python/colcon_distutils_commands:/home/winton/ros2_ws/install/pioneer_robot/lib/python3.12/site-packages:${PYTHONPATH} /usr/bin/python3 -W ignore:setup.py install is deprecated -W ignore:easy_install command is deprecated setup.py egg_info --egg-base ../../build/pioneer_robot build --build-base /home/winton/ros2_ws/build/pioneer_robot/build install --record /home/winton/ros2_ws/build/pioneer_robot/install.log --single-version-externally-managed install_data --force
[1.063s] running egg_info
[1.074s] writing ../../build/pioneer_robot/pioneer_robot.egg-info/PKG-INFO
[1.075s] writing dependency_links to ../../build/pioneer_robot/pioneer_robot.egg-info/dependency_links.txt
[1.075s] writing entry points to ../../build/pioneer_robot/pioneer_robot.egg-info/entry_points.txt
[1.075s] writing requirements to ../../build/pioneer_robot/pioneer_robot.egg-info/requires.txt
[1.075s] writing top-level names to ../../build/pioneer_robot/pioneer_robot.egg-info/top_level.txt
[1.099s] reading manifest file '../../build/pioneer_robot/pioneer_robot.egg-info/SOURCES.txt'
[1.099s] writing manifest file '../../build/pioneer_robot/pioneer_robot.egg-info/SOURCES.txt'
[1.100s] running build
[1.100s] running build_py
[1.100s] copying pioneer_robot/gps_waypoint_follower.py -> /home/winton/ros2_ws/build/pioneer_robot/build/lib/pioneer_robot
[1.100s] running install
[1.105s] running install_lib
[1.117s] creating /home/winton/ros2_ws/install/pioneer_robot/lib/python3.12/site-packages/pioneer_robot
[1.117s] copying /home/winton/ros2_ws/build/pioneer_robot/build/lib/pioneer_robot/__init__.py -> /home/winton/ros2_ws/install/pioneer_robot/lib/python3.12/site-packages/pioneer_robot
[1.117s] copying /home/winton/ros2_ws/build/pioneer_robot/build/lib/pioneer_robot/gps_waypoint_follower.py -> /home/winton/ros2_ws/install/pioneer_robot/lib/python3.12/site-packages/pioneer_robot
[1.117s] copying /home/winton/ros2_ws/build/pioneer_robot/build/lib/pioneer_robot/waypoint_follower.py -> /home/winton/ros2_ws/install/pioneer_robot/lib/python3.12/site-packages/pioneer_robot
[1.117s] byte-compiling /home/winton/ros2_ws/install/pioneer_robot/lib/python3.12/site-packages/pioneer_robot/__init__.py to __init__.cpython-312.pyc
[1.117s] byte-compiling /home/winton/ros2_ws/install/pioneer_robot/lib/python3.12/site-packages/pioneer_robot/gps_waypoint_follower.py to gps_waypoint_follower.cpython-312.pyc
[1.120s] byte-compiling /home/winton/ros2_ws/install/pioneer_robot/lib/python3.12/site-packages/pioneer_robot/waypoint_follower.py to waypoint_follower.cpython-312.pyc
[1.121s] running install_data
[1.121s] copying resource/pioneer_robot -> /home/winton/ros2_ws/install/pioneer_robot/share/ament_index/resource_index/packages
[1.121s] copying package.xml -> /home/winton/ros2_ws/install/pioneer_robot/share/pioneer_robot
[1.121s] copying resources/launch/pioneer_launch.py -> /home/winton/ros2_ws/install/pioneer_robot/share/pioneer_robot/resources/launch
[1.121s] copying resources/launch/sdf.launch.py -> /home/winton/ros2_ws/install/pioneer_robot/share/pioneer_robot/resources/launch
[1.121s] copying resources/worlds/basic_urdf.sdf -> /home/winton/ros2_ws/install/pioneer_robot/share/pioneer_robot/resources/worlds
[1.121s] copying resources/robots/pioneer.urdf -> /home/winton/ros2_ws/install/pioneer_robot/share/pioneer_robot/resources/robots
[1.121s] copying resources/meshes/suporte_armControl_mesh.dae -> /home/winton/ros2_ws/install/pioneer_robot/share/pioneer_robot/resources/meshes
[1.122s] copying resources/meshes/wheel.dae -> /home/winton/ros2_ws/install/pioneer_robot/share/pioneer_robot/resources/meshes
[1.122s] copying resources/meshes/bucket.obj -> /home/winton/ros2_ws/install/pioneer_robot/share/pioneer_robot/resources/meshes
[1.122s] copying resources/meshes/cone.obj -> /home/winton/ros2_ws/install/pioneer_robot/share/pioneer_robot/resources/meshes
[1.123s] copying resources/meshes/tampa2_mesh.dae -> /home/winton/ros2_ws/install/pioneer_robot/share/pioneer_robot/resources/meshes
[1.123s] copying resources/meshes/left_hubcap.dae -> /home/winton/ros2_ws/install/pioneer_robot/share/pioneer_robot/resources/meshes
[1.123s] copying resources/meshes/left_hubcap_mesh.dae -> /home/winton/ros2_ws/install/pioneer_robot/share/pioneer_robot/resources/meshes
[1.123s] copying resources/meshes/hokuyo1.dae -> /home/winton/ros2_ws/install/pioneer_robot/share/pioneer_robot/resources/meshes
[1.123s] copying resources/meshes/kinect.dae -> /home/winton/ros2_ws/install/pioneer_robot/share/pioneer_robot/resources/meshes
[1.125s] copying resources/meshes/tampa4_mesh.dae -> /home/winton/ros2_ws/install/pioneer_robot/share/pioneer_robot/resources/meshes
[1.125s] copying resources/meshes/tampa3_mesh.dae -> /home/winton/ros2_ws/install/pioneer_robot/share/pioneer_robot/resources/meshes
[1.126s] copying resources/meshes/suporte_base_mesh.dae -> /home/winton/ros2_ws/install/pioneer_robot/share/pioneer_robot/resources/meshes
[1.127s] copying resources/meshes/kinect.tga -> /home/winton/ros2_ws/install/pioneer_robot/share/pioneer_robot/resources/meshes
[1.127s] copying resources/meshes/suporte_base_mesh2.dae -> /home/winton/ros2_ws/install/pioneer_robot/share/pioneer_robot/resources/meshes
[1.129s] copying resources/meshes/tv_mesh.dae -> /home/winton/ros2_ws/install/pioneer_robot/share/pioneer_robot/resources/meshes
[1.129s] copying resources/meshes/suporte_kinect_mesh.dae -> /home/winton/ros2_ws/install/pioneer_robot/share/pioneer_robot/resources/meshes
[1.130s] copying resources/meshes/back_sonar_mesh.dae -> /home/winton/ros2_ws/install/pioneer_robot/share/pioneer_robot/resources/meshes
[1.130s] copying resources/meshes/chassis.dae -> /home/winton/ros2_ws/install/pioneer_robot/share/pioneer_robot/resources/meshes
[1.130s] copying resources/meshes/arm_control_box_mesh.dae -> /home/winton/ros2_ws/install/pioneer_robot/share/pioneer_robot/resources/meshes
[1.131s] copying resources/meshes/axle.dae -> /home/winton/ros2_ws/install/pioneer_robot/share/pioneer_robot/resources/meshes
[1.131s] copying resources/meshes/back_sonar.dae -> /home/winton/ros2_ws/install/pioneer_robot/share/pioneer_robot/resources/meshes
[1.132s] copying resources/meshes/front_sonar.dae -> /home/winton/ros2_ws/install/pioneer_robot/share/pioneer_robot/resources/meshes
[1.132s] copying resources/meshes/right_hubcap.dae -> /home/winton/ros2_ws/install/pioneer_robot/share/pioneer_robot/resources/meshes
[1.132s] copying resources/meshes/Coordinates -> /home/winton/ros2_ws/install/pioneer_robot/share/pioneer_robot/resources/meshes
[1.132s] copying resources/meshes/suporte_depth_mesh.dae -> /home/winton/ros2_ws/install/pioneer_robot/share/pioneer_robot/resources/meshes
[1.133s] copying resources/meshes/hokuyo.dae -> /home/winton/ros2_ws/install/pioneer_robot/share/pioneer_robot/resources/meshes
[1.133s] copying resources/meshes/tampa1_mesh.dae -> /home/winton/ros2_ws/install/pioneer_robot/share/pioneer_robot/resources/meshes
[1.133s] copying resources/meshes/top.dae -> /home/winton/ros2_ws/install/pioneer_robot/share/pioneer_robot/resources/meshes
[1.133s] copying resources/meshes/suporte_monitor_mesh.dae -> /home/winton/ros2_ws/install/pioneer_robot/share/pioneer_robot/resources/meshes
[1.134s] copying resources/meshes/hokuyo_convex.stl -> /home/winton/ros2_ws/install/pioneer_robot/share/pioneer_robot/resources/meshes
[1.134s] copying resources/meshes/p3at_meshes/right_hubcap.stl -> /home/winton/ros2_ws/install/pioneer_robot/share/pioneer_robot/resources/meshes/p3at_meshes
[1.134s] copying resources/meshes/p3at_meshes/axle.stl -> /home/winton/ros2_ws/install/pioneer_robot/share/pioneer_robot/resources/meshes/p3at_meshes
[1.135s] copying resources/meshes/p3at_meshes/wheel.dae -> /home/winton/ros2_ws/install/pioneer_robot/share/pioneer_robot/resources/meshes/p3at_meshes
[1.135s] copying resources/meshes/p3at_meshes/left_hubcap.dae -> /home/winton/ros2_ws/install/pioneer_robot/share/pioneer_robot/resources/meshes/p3at_meshes
[1.135s] copying resources/meshes/p3at_meshes/wheel.stl -> /home/winton/ros2_ws/install/pioneer_robot/share/pioneer_robot/resources/meshes/p3at_meshes
[1.135s] copying resources/meshes/p3at_meshes/front_sonar.stl -> /home/winton/ros2_ws/install/pioneer_robot/share/pioneer_robot/resources/meshes/p3at_meshes
[1.136s] copying resources/meshes/p3at_meshes/back_sonar.stl -> /home/winton/ros2_ws/install/pioneer_robot/share/pioneer_robot/resources/meshes/p3at_meshes
[1.136s] copying resources/meshes/p3at_meshes/top.stl -> /home/winton/ros2_ws/install/pioneer_robot/share/pioneer_robot/resources/meshes/p3at_meshes
[1.136s] copying resources/meshes/p3at_meshes/chassis.stl -> /home/winton/ros2_ws/install/pioneer_robot/share/pioneer_robot/resources/meshes/p3at_meshes
[1.136s] copying resources/meshes/p3at_meshes/chassis.dae -> /home/winton/ros2_ws/install/pioneer_robot/share/pioneer_robot/resources/meshes/p3at_meshes
[1.137s] copying resources/meshes/p3at_meshes/axle.dae -> /home/winton/ros2_ws/install/pioneer_robot/share/pioneer_robot/resources/meshes/p3at_meshes
[1.137s] copying resources/meshes/p3at_meshes/back_sonar.dae -> /home/winton/ros2_ws/install/pioneer_robot/share/pioneer_robot/resources/meshes/p3at_meshes
[1.137s] copying resources/meshes/p3at_meshes/front_sonar.dae -> /home/winton/ros2_ws/install/pioneer_robot/share/pioneer_robot/resources/meshes/p3at_meshes
[1.137s] copying resources/meshes/p3at_meshes/right_hubcap.dae -> /home/winton/ros2_ws/install/pioneer_robot/share/pioneer_robot/resources/meshes/p3at_meshes
[1.138s] copying resources/meshes/p3at_meshes/Coordinates -> /home/winton/ros2_ws/install/pioneer_robot/share/pioneer_robot/resources/meshes/p3at_meshes
[1.138s] copying resources/meshes/p3at_meshes/top.dae -> /home/winton/ros2_ws/install/pioneer_robot/share/pioneer_robot/resources/meshes/p3at_meshes
[1.138s] copying resources/meshes/p3at_meshes/left_hubcap.stl -> /home/winton/ros2_ws/install/pioneer_robot/share/pioneer_robot/resources/meshes/p3at_meshes
[1.138s] copying config/slam_params.yaml -> /home/winton/ros2_ws/install/pioneer_robot/share/pioneer_robot/config
[1.139s] copying config/navsat_params.yaml -> /home/winton/ros2_ws/install/pioneer_robot/share/pioneer_robot/config
[1.139s] copying config/nav2_params.yaml -> /home/winton/ros2_ws/install/pioneer_robot/share/pioneer_robot/config
[1.139s] copying config/slam_params.yaml -> /home/winton/ros2_ws/install/pioneer_robot/share/pioneer_robot/config
[1.139s] copying config/navsat_params.yaml -> /home/winton/ros2_ws/install/pioneer_robot/share/pioneer_robot/config
[1.139s] copying config/nav2_params.yaml -> /home/winton/ros2_ws/install/pioneer_robot/share/pioneer_robot/config
[1.139s] running install_egg_info
[1.156s] Copying ../../build/pioneer_robot/pioneer_robot.egg-info to /home/winton/ros2_ws/install/pioneer_robot/lib/python3.12/site-packages/pioneer_robot-0.0.0-py3.12.egg-info
[1.156s] running install_scripts
[1.248s] Installing gps_waypoint_follower script to /home/winton/ros2_ws/install/pioneer_robot/lib/pioneer_robot
[1.248s] Installing waypoint_follower script to /home/winton/ros2_ws/install/pioneer_robot/lib/pioneer_robot
[1.249s] writing list of installed files to '/home/winton/ros2_ws/build/pioneer_robot/install.log'
[1.269s] Invoked command in '/home/winton/ros2_ws/src/pioneer_robot' returned '0': DEBUGINFOD_URLS=https://debuginfod.ubuntu.com PYTHONPATH=/home/winton/ros2_ws/build/pioneer_robot/prefix_override:/usr/lib/python3/dist-packages/colcon_core/task/python/colcon_distutils_commands:/home/winton/ros2_ws/install/pioneer_robot/lib/python3.12/site-packages:${PYTHONPATH} /usr/bin/python3 -W ignore:setup.py install is deprecated -W ignore:easy_install command is deprecated setup.py egg_info --egg-base ../../build/pioneer_robot build --build-base /home/winton/ros2_ws/build/pioneer_robot/build install --record /home/winton/ros2_ws/build/pioneer_robot/install.log --single-version-externally-managed install_data --force
