running egg_info
writing ../../build/pioneer_robot/pioneer_robot.egg-info/PKG-INFO
writing dependency_links to ../../build/pioneer_robot/pioneer_robot.egg-info/dependency_links.txt
writing requirements to ../../build/pioneer_robot/pioneer_robot.egg-info/requires.txt
writing top-level names to ../../build/pioneer_robot/pioneer_robot.egg-info/top_level.txt
reading manifest file '../../build/pioneer_robot/pioneer_robot.egg-info/SOURCES.txt'
writing manifest file '../../build/pioneer_robot/pioneer_robot.egg-info/SOURCES.txt'
running build
running build_py
running install
running install_lib
running install_data
copying resources/meshes/back_sonar.dae -> /home/winton/ros2_ws/install/pioneer_robot/share/pioneer_robot/resources/meshes
copying resources/meshes/front_sonar.dae -> /home/winton/ros2_ws/install/pioneer_robot/share/pioneer_robot/resources/meshes
copying resources/meshes/right_hubcap.dae -> /home/winton/ros2_ws/install/pioneer_robot/share/pioneer_robot/resources/meshes
copying resources/meshes/Coordinates -> /home/winton/ros2_ws/install/pioneer_robot/share/pioneer_robot/resources/meshes
copying resources/meshes/suporte_depth_mesh.dae -> /home/winton/ros2_ws/install/pioneer_robot/share/pioneer_robot/resources/meshes
copying resources/meshes/hokuyo.dae -> /home/winton/ros2_ws/install/pioneer_robot/share/pioneer_robot/resources/meshes
copying resources/meshes/tampa1_mesh.dae -> /home/winton/ros2_ws/install/pioneer_robot/share/pioneer_robot/resources/meshes
copying resources/meshes/top.dae -> /home/winton/ros2_ws/install/pioneer_robot/share/pioneer_robot/resources/meshes
copying resources/meshes/suporte_monitor_mesh.dae -> /home/winton/ros2_ws/install/pioneer_robot/share/pioneer_robot/resources/meshes
copying resources/meshes/hokuyo_convex.stl -> /home/winton/ros2_ws/install/pioneer_robot/share/pioneer_robot/resources/meshes
creating /home/winton/ros2_ws/install/pioneer_robot/share/pioneer_robot/resources/meshes/p3at_meshes
copying resources/meshes/p3at_meshes/right_hubcap.stl -> /home/winton/ros2_ws/install/pioneer_robot/share/pioneer_robot/resources/meshes/p3at_meshes
copying resources/meshes/p3at_meshes/axle.stl -> /home/winton/ros2_ws/install/pioneer_robot/share/pioneer_robot/resources/meshes/p3at_meshes
copying resources/meshes/p3at_meshes/wheel.dae -> /home/winton/ros2_ws/install/pioneer_robot/share/pioneer_robot/resources/meshes/p3at_meshes
copying resources/meshes/p3at_meshes/left_hubcap.dae -> /home/winton/ros2_ws/install/pioneer_robot/share/pioneer_robot/resources/meshes/p3at_meshes
copying resources/meshes/p3at_meshes/wheel.stl -> /home/winton/ros2_ws/install/pioneer_robot/share/pioneer_robot/resources/meshes/p3at_meshes
copying resources/meshes/p3at_meshes/front_sonar.stl -> /home/winton/ros2_ws/install/pioneer_robot/share/pioneer_robot/resources/meshes/p3at_meshes
copying resources/meshes/p3at_meshes/back_sonar.stl -> /home/winton/ros2_ws/install/pioneer_robot/share/pioneer_robot/resources/meshes/p3at_meshes
copying resources/meshes/p3at_meshes/top.stl -> /home/winton/ros2_ws/install/pioneer_robot/share/pioneer_robot/resources/meshes/p3at_meshes
copying resources/meshes/p3at_meshes/chassis.stl -> /home/winton/ros2_ws/install/pioneer_robot/share/pioneer_robot/resources/meshes/p3at_meshes
copying resources/meshes/p3at_meshes/chassis.dae -> /home/winton/ros2_ws/install/pioneer_robot/share/pioneer_robot/resources/meshes/p3at_meshes
copying resources/meshes/p3at_meshes/axle.dae -> /home/winton/ros2_ws/install/pioneer_robot/share/pioneer_robot/resources/meshes/p3at_meshes
copying resources/meshes/p3at_meshes/back_sonar.dae -> /home/winton/ros2_ws/install/pioneer_robot/share/pioneer_robot/resources/meshes/p3at_meshes
copying resources/meshes/p3at_meshes/front_sonar.dae -> /home/winton/ros2_ws/install/pioneer_robot/share/pioneer_robot/resources/meshes/p3at_meshes
copying resources/meshes/p3at_meshes/right_hubcap.dae -> /home/winton/ros2_ws/install/pioneer_robot/share/pioneer_robot/resources/meshes/p3at_meshes
copying resources/meshes/p3at_meshes/Coordinates -> /home/winton/ros2_ws/install/pioneer_robot/share/pioneer_robot/resources/meshes/p3at_meshes
copying resources/meshes/p3at_meshes/top.dae -> /home/winton/ros2_ws/install/pioneer_robot/share/pioneer_robot/resources/meshes/p3at_meshes
copying resources/meshes/p3at_meshes/left_hubcap.stl -> /home/winton/ros2_ws/install/pioneer_robot/share/pioneer_robot/resources/meshes/p3at_meshes
creating /home/winton/ros2_ws/install/pioneer_robot/share/pioneer_robot/config
copying config/nav2_params.yaml -> /home/winton/ros2_ws/install/pioneer_robot/share/pioneer_robot/config
running install_egg_info
removing '/home/winton/ros2_ws/install/pioneer_robot/lib/python3.12/site-packages/pioneer_robot-0.0.0-py3.12.egg-info' (and everything under it)
Copying ../../build/pioneer_robot/pioneer_robot.egg-info to /home/winton/ros2_ws/install/pioneer_robot/lib/python3.12/site-packages/pioneer_robot-0.0.0-py3.12.egg-info
running install_scripts
writing list of installed files to '/home/winton/ros2_ws/build/pioneer_robot/install.log'
