[0.456s] Invoking command in '/home/winton/ros2_ws/src/pioneer_robot': DEBUGINFOD_URLS=https://debuginfod.ubuntu.com PYTHONPATH=/home/winton/ros2_ws/build/pioneer_robot/prefix_override:/usr/lib/python3/dist-packages/colcon_core/task/python/colcon_distutils_commands:/home/winton/ros2_ws/install/pioneer_robot/lib/python3.12/site-packages:${PYTHONPATH} /usr/bin/python3 -W ignore:setup.py install is deprecated -W ignore:easy_install command is deprecated setup.py egg_info --egg-base ../../build/pioneer_robot build --build-base /home/winton/ros2_ws/build/pioneer_robot/build install --record /home/winton/ros2_ws/build/pioneer_robot/install.log --single-version-externally-managed install_data
[0.607s] running egg_info
[0.617s] writing ../../build/pioneer_robot/pioneer_robot.egg-info/PKG-INFO
[0.617s] writing dependency_links to ../../build/pioneer_robot/pioneer_robot.egg-info/dependency_links.txt
[0.617s] writing requirements to ../../build/pioneer_robot/pioneer_robot.egg-info/requires.txt
[0.618s] writing top-level names to ../../build/pioneer_robot/pioneer_robot.egg-info/top_level.txt
[0.639s] reading manifest file '../../build/pioneer_robot/pioneer_robot.egg-info/SOURCES.txt'
[0.640s] writing manifest file '../../build/pioneer_robot/pioneer_robot.egg-info/SOURCES.txt'
[0.640s] running build
[0.640s] running build_py
[0.640s] running install
[0.644s] running install_lib
[0.655s] running install_data
[0.655s] copying resources/meshes/back_sonar.dae -> /home/winton/ros2_ws/install/pioneer_robot/share/pioneer_robot/resources/meshes
[0.656s] copying resources/meshes/front_sonar.dae -> /home/winton/ros2_ws/install/pioneer_robot/share/pioneer_robot/resources/meshes
[0.657s] copying resources/meshes/right_hubcap.dae -> /home/winton/ros2_ws/install/pioneer_robot/share/pioneer_robot/resources/meshes
[0.658s] copying resources/meshes/Coordinates -> /home/winton/ros2_ws/install/pioneer_robot/share/pioneer_robot/resources/meshes
[0.658s] copying resources/meshes/suporte_depth_mesh.dae -> /home/winton/ros2_ws/install/pioneer_robot/share/pioneer_robot/resources/meshes
[0.659s] copying resources/meshes/hokuyo.dae -> /home/winton/ros2_ws/install/pioneer_robot/share/pioneer_robot/resources/meshes
[0.659s] copying resources/meshes/tampa1_mesh.dae -> /home/winton/ros2_ws/install/pioneer_robot/share/pioneer_robot/resources/meshes
[0.660s] copying resources/meshes/top.dae -> /home/winton/ros2_ws/install/pioneer_robot/share/pioneer_robot/resources/meshes
[0.660s] copying resources/meshes/suporte_monitor_mesh.dae -> /home/winton/ros2_ws/install/pioneer_robot/share/pioneer_robot/resources/meshes
[0.660s] copying resources/meshes/hokuyo_convex.stl -> /home/winton/ros2_ws/install/pioneer_robot/share/pioneer_robot/resources/meshes
[0.661s] creating /home/winton/ros2_ws/install/pioneer_robot/share/pioneer_robot/resources/meshes/p3at_meshes
[0.661s] copying resources/meshes/p3at_meshes/right_hubcap.stl -> /home/winton/ros2_ws/install/pioneer_robot/share/pioneer_robot/resources/meshes/p3at_meshes
[0.661s] copying resources/meshes/p3at_meshes/axle.stl -> /home/winton/ros2_ws/install/pioneer_robot/share/pioneer_robot/resources/meshes/p3at_meshes
[0.661s] copying resources/meshes/p3at_meshes/wheel.dae -> /home/winton/ros2_ws/install/pioneer_robot/share/pioneer_robot/resources/meshes/p3at_meshes
[0.661s] copying resources/meshes/p3at_meshes/left_hubcap.dae -> /home/winton/ros2_ws/install/pioneer_robot/share/pioneer_robot/resources/meshes/p3at_meshes
[0.661s] copying resources/meshes/p3at_meshes/wheel.stl -> /home/winton/ros2_ws/install/pioneer_robot/share/pioneer_robot/resources/meshes/p3at_meshes
[0.662s] copying resources/meshes/p3at_meshes/front_sonar.stl -> /home/winton/ros2_ws/install/pioneer_robot/share/pioneer_robot/resources/meshes/p3at_meshes
[0.662s] copying resources/meshes/p3at_meshes/back_sonar.stl -> /home/winton/ros2_ws/install/pioneer_robot/share/pioneer_robot/resources/meshes/p3at_meshes
[0.662s] copying resources/meshes/p3at_meshes/top.stl -> /home/winton/ros2_ws/install/pioneer_robot/share/pioneer_robot/resources/meshes/p3at_meshes
[0.662s] copying resources/meshes/p3at_meshes/chassis.stl -> /home/winton/ros2_ws/install/pioneer_robot/share/pioneer_robot/resources/meshes/p3at_meshes
[0.662s] copying resources/meshes/p3at_meshes/chassis.dae -> /home/winton/ros2_ws/install/pioneer_robot/share/pioneer_robot/resources/meshes/p3at_meshes
[0.662s] copying resources/meshes/p3at_meshes/axle.dae -> /home/winton/ros2_ws/install/pioneer_robot/share/pioneer_robot/resources/meshes/p3at_meshes
[0.662s] copying resources/meshes/p3at_meshes/back_sonar.dae -> /home/winton/ros2_ws/install/pioneer_robot/share/pioneer_robot/resources/meshes/p3at_meshes
[0.663s] copying resources/meshes/p3at_meshes/front_sonar.dae -> /home/winton/ros2_ws/install/pioneer_robot/share/pioneer_robot/resources/meshes/p3at_meshes
[0.663s] copying resources/meshes/p3at_meshes/right_hubcap.dae -> /home/winton/ros2_ws/install/pioneer_robot/share/pioneer_robot/resources/meshes/p3at_meshes
[0.663s] copying resources/meshes/p3at_meshes/Coordinates -> /home/winton/ros2_ws/install/pioneer_robot/share/pioneer_robot/resources/meshes/p3at_meshes
[0.663s] copying resources/meshes/p3at_meshes/top.dae -> /home/winton/ros2_ws/install/pioneer_robot/share/pioneer_robot/resources/meshes/p3at_meshes
[0.664s] copying resources/meshes/p3at_meshes/left_hubcap.stl -> /home/winton/ros2_ws/install/pioneer_robot/share/pioneer_robot/resources/meshes/p3at_meshes
[0.664s] creating /home/winton/ros2_ws/install/pioneer_robot/share/pioneer_robot/config
[0.664s] copying config/nav2_params.yaml -> /home/winton/ros2_ws/install/pioneer_robot/share/pioneer_robot/config
[0.664s] running install_egg_info
[0.675s] removing '/home/winton/ros2_ws/install/pioneer_robot/lib/python3.12/site-packages/pioneer_robot-0.0.0-py3.12.egg-info' (and everything under it)
[0.675s] Copying ../../build/pioneer_robot/pioneer_robot.egg-info to /home/winton/ros2_ws/install/pioneer_robot/lib/python3.12/site-packages/pioneer_robot-0.0.0-py3.12.egg-info
[0.676s] running install_scripts
[0.750s] writing list of installed files to '/home/winton/ros2_ws/build/pioneer_robot/install.log'
[0.767s] Invoked command in '/home/winton/ros2_ws/src/pioneer_robot' returned '0': DEBUGINFOD_URLS=https://debuginfod.ubuntu.com PYTHONPATH=/home/winton/ros2_ws/build/pioneer_robot/prefix_override:/usr/lib/python3/dist-packages/colcon_core/task/python/colcon_distutils_commands:/home/winton/ros2_ws/install/pioneer_robot/lib/python3.12/site-packages:${PYTHONPATH} /usr/bin/python3 -W ignore:setup.py install is deprecated -W ignore:easy_install command is deprecated setup.py egg_info --egg-base ../../build/pioneer_robot build --build-base /home/winton/ros2_ws/build/pioneer_robot/build install --record /home/winton/ros2_ws/build/pioneer_robot/install.log --single-version-externally-managed install_data
