[0.571s] Invoking command in '/home/winton/ros2_ws/src/pioneer_robot': DEBUGINFOD_URLS=https://debuginfod.ubuntu.com PYTHONPATH=/home/winton/ros2_ws/build/pioneer_robot/prefix_override:/usr/lib/python3/dist-packages/colcon_core/task/python/colcon_distutils_commands:/home/winton/ros2_ws/install/pioneer_robot/lib/python3.12/site-packages:${PYTHONPATH} /usr/bin/python3 -W ignore:setup.py install is deprecated -W ignore:easy_install command is deprecated setup.py egg_info --egg-base ../../build/pioneer_robot build --build-base /home/winton/ros2_ws/build/pioneer_robot/build install --record /home/winton/ros2_ws/build/pioneer_robot/install.log --single-version-externally-managed install_data
[0.765s] running egg_info
[0.778s] writing ../../build/pioneer_robot/pioneer_robot.egg-info/PKG-INFO
[0.778s] writing dependency_links to ../../build/pioneer_robot/pioneer_robot.egg-info/dependency_links.txt
[0.778s] writing entry points to ../../build/pioneer_robot/pioneer_robot.egg-info/entry_points.txt
[0.778s] writing requirements to ../../build/pioneer_robot/pioneer_robot.egg-info/requires.txt
[0.778s] writing top-level names to ../../build/pioneer_robot/pioneer_robot.egg-info/top_level.txt
[0.804s] reading manifest file '../../build/pioneer_robot/pioneer_robot.egg-info/SOURCES.txt'
[0.805s] writing manifest file '../../build/pioneer_robot/pioneer_robot.egg-info/SOURCES.txt'
[0.805s] running build
[0.805s] running build_py
[0.805s] copying pioneer_robot/gps_waypoint_follower.py -> /home/winton/ros2_ws/build/pioneer_robot/build/lib/pioneer_robot
[0.805s] running install
[0.810s] running install_lib
[0.824s] copying /home/winton/ros2_ws/build/pioneer_robot/build/lib/pioneer_robot/gps_waypoint_follower.py -> /home/winton/ros2_ws/install/pioneer_robot/lib/python3.12/site-packages/pioneer_robot
[0.825s] byte-compiling /home/winton/ros2_ws/install/pioneer_robot/lib/python3.12/site-packages/pioneer_robot/gps_waypoint_follower.py to gps_waypoint_follower.cpython-312.pyc
[0.827s] running install_data
[0.827s] running install_egg_info
[0.841s] removing '/home/winton/ros2_ws/install/pioneer_robot/lib/python3.12/site-packages/pioneer_robot-0.0.0-py3.12.egg-info' (and everything under it)
[0.841s] Copying ../../build/pioneer_robot/pioneer_robot.egg-info to /home/winton/ros2_ws/install/pioneer_robot/lib/python3.12/site-packages/pioneer_robot-0.0.0-py3.12.egg-info
[0.841s] running install_scripts
[0.928s] Installing gps_waypoint_follower script to /home/winton/ros2_ws/install/pioneer_robot/lib/pioneer_robot
[0.928s] Installing waypoint_follower script to /home/winton/ros2_ws/install/pioneer_robot/lib/pioneer_robot
[0.928s] writing list of installed files to '/home/winton/ros2_ws/build/pioneer_robot/install.log'
[0.952s] Invoked command in '/home/winton/ros2_ws/src/pioneer_robot' returned '0': DEBUGINFOD_URLS=https://debuginfod.ubuntu.com PYTHONPATH=/home/winton/ros2_ws/build/pioneer_robot/prefix_override:/usr/lib/python3/dist-packages/colcon_core/task/python/colcon_distutils_commands:/home/winton/ros2_ws/install/pioneer_robot/lib/python3.12/site-packages:${PYTHONPATH} /usr/bin/python3 -W ignore:setup.py install is deprecated -W ignore:easy_install command is deprecated setup.py egg_info --egg-base ../../build/pioneer_robot build --build-base /home/winton/ros2_ws/build/pioneer_robot/build install --record /home/winton/ros2_ws/build/pioneer_robot/install.log --single-version-externally-managed install_data
