running egg_info
creating ../../build/pioneer_robot/pioneer_robot.egg-info
writing ../../build/pioneer_robot/pioneer_robot.egg-info/PKG-INFO
writing dependency_links to ../../build/pioneer_robot/pioneer_robot.egg-info/dependency_links.txt
writing requirements to ../../build/pioneer_robot/pioneer_robot.egg-info/requires.txt
writing top-level names to ../../build/pioneer_robot/pioneer_robot.egg-info/top_level.txt
writing manifest file '../../build/pioneer_robot/pioneer_robot.egg-info/SOURCES.txt'
reading manifest file '../../build/pioneer_robot/pioneer_robot.egg-info/SOURCES.txt'
writing manifest file '../../build/pioneer_robot/pioneer_robot.egg-info/SOURCES.txt'
running build
running build_py
creating /home/winton/ros2_ws/build/pioneer_robot/build
creating /home/winton/ros2_ws/build/pioneer_robot/build/lib
creating /home/winton/ros2_ws/build/pioneer_robot/build/lib/pioneer_robot
copying pioneer_robot/__init__.py -> /home/winton/ros2_ws/build/pioneer_robot/build/lib/pioneer_robot
running install
running install_lib
creating /home/winton/ros2_ws/install/pioneer_robot/lib/python3.12/site-packages/pioneer_robot
copying /home/winton/ros2_ws/build/pioneer_robot/build/lib/pioneer_robot/__init__.py -> /home/winton/ros2_ws/install/pioneer_robot/lib/python3.12/site-packages/pioneer_robot
byte-compiling /home/winton/ros2_ws/install/pioneer_robot/lib/python3.12/site-packages/pioneer_robot/__init__.py to __init__.cpython-312.pyc
running install_data
creating /home/winton/ros2_ws/install/pioneer_robot/share/ament_index
creating /home/winton/ros2_ws/install/pioneer_robot/share/ament_index/resource_index
creating /home/winton/ros2_ws/install/pioneer_robot/share/ament_index/resource_index/packages
copying resource/pioneer_robot -> /home/winton/ros2_ws/install/pioneer_robot/share/ament_index/resource_index/packages
copying package.xml -> /home/winton/ros2_ws/install/pioneer_robot/share/pioneer_robot
running install_egg_info
Copying ../../build/pioneer_robot/pioneer_robot.egg-info to /home/winton/ros2_ws/install/pioneer_robot/lib/python3.12/site-packages/pioneer_robot-0.0.0-py3.12.egg-info
running install_scripts
writing list of installed files to '/home/winton/ros2_ws/build/pioneer_robot/install.log'
