[0.509s] Invoking command in '/home/winton/ros2_ws/src/pioneer_robot': DEBUGINFOD_URLS=https://debuginfod.ubuntu.com PYTHONPATH=/home/winton/ros2_ws/build/pioneer_robot/prefix_override:/usr/lib/python3/dist-packages/colcon_core/task/python/colcon_distutils_commands:/home/winton/ros2_ws/install/pioneer_robot/lib/python3.12/site-packages:${PYTHONPATH} /usr/bin/python3 -W ignore:setup.py install is deprecated -W ignore:easy_install command is deprecated setup.py egg_info --egg-base ../../build/pioneer_robot build --build-base /home/winton/ros2_ws/build/pioneer_robot/build install --record /home/winton/ros2_ws/build/pioneer_robot/install.log --single-version-externally-managed install_data
[0.668s] running egg_info
[0.668s] creating ../../build/pioneer_robot/pioneer_robot.egg-info
[0.678s] writing ../../build/pioneer_robot/pioneer_robot.egg-info/PKG-INFO
[0.678s] writing dependency_links to ../../build/pioneer_robot/pioneer_robot.egg-info/dependency_links.txt
[0.678s] writing requirements to ../../build/pioneer_robot/pioneer_robot.egg-info/requires.txt
[0.678s] writing top-level names to ../../build/pioneer_robot/pioneer_robot.egg-info/top_level.txt
[0.678s] writing manifest file '../../build/pioneer_robot/pioneer_robot.egg-info/SOURCES.txt'
[0.698s] reading manifest file '../../build/pioneer_robot/pioneer_robot.egg-info/SOURCES.txt'
[0.699s] writing manifest file '../../build/pioneer_robot/pioneer_robot.egg-info/SOURCES.txt'
[0.699s] running build
[0.699s] running build_py
[0.699s] creating /home/winton/ros2_ws/build/pioneer_robot/build
[0.699s] creating /home/winton/ros2_ws/build/pioneer_robot/build/lib
[0.699s] creating /home/winton/ros2_ws/build/pioneer_robot/build/lib/pioneer_robot
[0.699s] copying pioneer_robot/__init__.py -> /home/winton/ros2_ws/build/pioneer_robot/build/lib/pioneer_robot
[0.699s] running install
[0.704s] running install_lib
[0.714s] creating /home/winton/ros2_ws/install/pioneer_robot/lib/python3.12/site-packages/pioneer_robot
[0.714s] copying /home/winton/ros2_ws/build/pioneer_robot/build/lib/pioneer_robot/__init__.py -> /home/winton/ros2_ws/install/pioneer_robot/lib/python3.12/site-packages/pioneer_robot
[0.715s] byte-compiling /home/winton/ros2_ws/install/pioneer_robot/lib/python3.12/site-packages/pioneer_robot/__init__.py to __init__.cpython-312.pyc
[0.715s] running install_data
[0.715s] creating /home/winton/ros2_ws/install/pioneer_robot/share/ament_index
[0.715s] creating /home/winton/ros2_ws/install/pioneer_robot/share/ament_index/resource_index
[0.715s] creating /home/winton/ros2_ws/install/pioneer_robot/share/ament_index/resource_index/packages
[0.715s] copying resource/pioneer_robot -> /home/winton/ros2_ws/install/pioneer_robot/share/ament_index/resource_index/packages
[0.715s] copying package.xml -> /home/winton/ros2_ws/install/pioneer_robot/share/pioneer_robot
[0.715s] running install_egg_info
[0.726s] Copying ../../build/pioneer_robot/pioneer_robot.egg-info to /home/winton/ros2_ws/install/pioneer_robot/lib/python3.12/site-packages/pioneer_robot-0.0.0-py3.12.egg-info
[0.726s] running install_scripts
[0.795s] writing list of installed files to '/home/winton/ros2_ws/build/pioneer_robot/install.log'
[0.813s] Invoked command in '/home/winton/ros2_ws/src/pioneer_robot' returned '0': DEBUGINFOD_URLS=https://debuginfod.ubuntu.com PYTHONPATH=/home/winton/ros2_ws/build/pioneer_robot/prefix_override:/usr/lib/python3/dist-packages/colcon_core/task/python/colcon_distutils_commands:/home/winton/ros2_ws/install/pioneer_robot/lib/python3.12/site-packages:${PYTHONPATH} /usr/bin/python3 -W ignore:setup.py install is deprecated -W ignore:easy_install command is deprecated setup.py egg_info --egg-base ../../build/pioneer_robot build --build-base /home/winton/ros2_ws/build/pioneer_robot/build install --record /home/winton/ros2_ws/build/pioneer_robot/install.log --single-version-externally-managed install_data
