[0.012s] Invoking command in '/workspace/AUTO4508-Team-2/build/ariaNode': CMAKE_PREFIX_PATH=${CMAKE_PREFIX_PATH}:/workspace/AUTO4508-Team-2/install/pioneer_robot:/opt/ros/jazzy /usr/bin/cmake /workspace/AUTO4508-Team-2/src/ariaNode -DCMAKE_INSTALL_PREFIX=/workspace/AUTO4508-Team-2/install/ariaNode
[0.110s] -- The C compiler identification is GNU 13.3.0
[0.153s] -- The CXX compiler identification is GNU 13.3.0
[0.166s] -- Detecting C compiler ABI info
[0.233s] -- Detecting C compiler ABI info - done
[0.240s] -- Check for working C compiler: /usr/bin/cc - skipped
[0.240s] -- Detecting C compile features
[0.241s] -- Detecting C compile features - done
[0.247s] -- Detecting CXX compiler ABI info
[0.315s] -- Detecting CXX compiler ABI info - done
[0.321s] -- Check for working CXX compiler: /usr/bin/c++ - skipped
[0.322s] -- Detecting CXX compile features
[0.322s] -- Detecting CXX compile features - done
[0.328s] -- Found ament_cmake: 2.5.5 (/opt/ros/jazzy/share/ament_cmake/cmake)
[0.424s] -- Found Python3: /usr/bin/python3 (found version "3.12.3") found components: Interpreter 
[0.526s] -- Found rclcpp: 28.1.16 (/opt/ros/jazzy/share/rclcpp/cmake)
[0.578s] -- Found rosidl_generator_c: 4.6.7 (/opt/ros/jazzy/share/rosidl_generator_c/cmake)
[0.594s] -- Found rosidl_generator_cpp: 4.6.7 (/opt/ros/jazzy/share/rosidl_generator_cpp/cmake)
[0.613s] -- Using all available rosidl_typesupport_c: rosidl_typesupport_fastrtps_c;rosidl_typesupport_introspection_c
[0.632s] -- Using all available rosidl_typesupport_cpp: rosidl_typesupport_fastrtps_cpp;rosidl_typesupport_introspection_cpp
[0.709s] -- Found rmw_implementation_cmake: 7.3.3 (/opt/ros/jazzy/share/rmw_implementation_cmake/cmake)
[0.714s] -- Found rmw_fastrtps_cpp: 8.4.3 (/opt/ros/jazzy/share/rmw_fastrtps_cpp/cmake)
[0.782s] -- Found OpenSSL: /usr/lib/x86_64-linux-gnu/libcrypto.so (found version "3.0.13")  
[0.797s] -- Found FastRTPS: /opt/ros/jazzy/include (Required is at least version "2.13") 
[0.813s] -- Using RMW implementation 'rmw_fastrtps_cpp' as default
[0.887s] -- Found geometry_msgs: 5.3.6 (/opt/ros/jazzy/share/geometry_msgs/cmake)
[0.915s] [0mThe root directory is /opt/ros/jazzy/share/fastrtps_cmake_module/cmake/Modules[0m
[0.918s] -- Found ament_lint_auto: 0.17.4 (/opt/ros/jazzy/share/ament_lint_auto/cmake)
[0.965s] WARNING: Package name "ariaNode" does not follow the naming conventions. It should start with a lower case letter and only contain lower case letters, digits, underscores, and dashes.
[1.000s] -- Added test 'cppcheck' to perform static code analysis on C / C++ code
[1.000s] -- Configured cppcheck include dirs: 
[1.000s] -- Configured cppcheck exclude dirs and/or files: 
[1.001s] -- Added test 'lint_cmake' to check CMake code style
[1.002s] -- Added test 'uncrustify' to check C / C++ code style
[1.002s] -- Configured uncrustify additional arguments: 
[1.003s] -- Added test 'xmllint' to check XML markup files
[1.005s] -- Configuring done (1.0s)
[1.013s] -- Generating done (0.0s)
[1.017s] -- Build files have been written to: /workspace/AUTO4508-Team-2/build/ariaNode
[1.023s] Invoked command in '/workspace/AUTO4508-Team-2/build/ariaNode' returned '0': CMAKE_PREFIX_PATH=${CMAKE_PREFIX_PATH}:/workspace/AUTO4508-Team-2/install/pioneer_robot:/opt/ros/jazzy /usr/bin/cmake /workspace/AUTO4508-Team-2/src/ariaNode -DCMAKE_INSTALL_PREFIX=/workspace/AUTO4508-Team-2/install/ariaNode
[1.024s] Invoking command in '/workspace/AUTO4508-Team-2/build/ariaNode': CMAKE_PREFIX_PATH=${CMAKE_PREFIX_PATH}:/workspace/AUTO4508-Team-2/install/pioneer_robot:/opt/ros/jazzy /usr/bin/cmake --build /workspace/AUTO4508-Team-2/build/ariaNode -- -j8 -l8
[1.062s] [ 50%] [32mBuilding CXX object CMakeFiles/ariaNode.dir/src/ariaNode.cpp.o[0m
[6.195s] [100%] [32m[1mLinking CXX executable ariaNode[0m
[6.420s] [100%] Built target ariaNode
[6.428s] Invoked command in '/workspace/AUTO4508-Team-2/build/ariaNode' returned '0': CMAKE_PREFIX_PATH=${CMAKE_PREFIX_PATH}:/workspace/AUTO4508-Team-2/install/pioneer_robot:/opt/ros/jazzy /usr/bin/cmake --build /workspace/AUTO4508-Team-2/build/ariaNode -- -j8 -l8
[6.434s] Invoking command in '/workspace/AUTO4508-Team-2/build/ariaNode': CMAKE_PREFIX_PATH=${CMAKE_PREFIX_PATH}:/workspace/AUTO4508-Team-2/install/pioneer_robot:/opt/ros/jazzy /usr/bin/cmake --install /workspace/AUTO4508-Team-2/build/ariaNode
[6.440s] -- Install configuration: ""
[6.440s] -- Installing: /workspace/AUTO4508-Team-2/install/ariaNode/lib/ariaNode/ariaNode
[6.442s] -- Set non-toolchain portion of runtime path of "/workspace/AUTO4508-Team-2/install/ariaNode/lib/ariaNode/ariaNode" to ""
[6.442s] -- Installing: /workspace/AUTO4508-Team-2/install/ariaNode/share/ament_index/resource_index/package_run_dependencies/ariaNode
[6.442s] -- Installing: /workspace/AUTO4508-Team-2/install/ariaNode/share/ament_index/resource_index/parent_prefix_path/ariaNode
[6.442s] -- Installing: /workspace/AUTO4508-Team-2/install/ariaNode/share/ariaNode/environment/ament_prefix_path.sh
[6.442s] -- Installing: /workspace/AUTO4508-Team-2/install/ariaNode/share/ariaNode/environment/ament_prefix_path.dsv
[6.442s] -- Installing: /workspace/AUTO4508-Team-2/install/ariaNode/share/ariaNode/environment/path.sh
[6.442s] -- Installing: /workspace/AUTO4508-Team-2/install/ariaNode/share/ariaNode/environment/path.dsv
[6.442s] -- Installing: /workspace/AUTO4508-Team-2/install/ariaNode/share/ariaNode/local_setup.bash
[6.442s] -- Installing: /workspace/AUTO4508-Team-2/install/ariaNode/share/ariaNode/local_setup.sh
[6.443s] -- Installing: /workspace/AUTO4508-Team-2/install/ariaNode/share/ariaNode/local_setup.zsh
[6.443s] -- Installing: /workspace/AUTO4508-Team-2/install/ariaNode/share/ariaNode/local_setup.dsv
[6.443s] -- Installing: /workspace/AUTO4508-Team-2/install/ariaNode/share/ariaNode/package.dsv
[6.443s] -- Installing: /workspace/AUTO4508-Team-2/install/ariaNode/share/ament_index/resource_index/packages/ariaNode
[6.443s] -- Installing: /workspace/AUTO4508-Team-2/install/ariaNode/share/ariaNode/cmake/ariaNodeConfig.cmake
[6.443s] -- Installing: /workspace/AUTO4508-Team-2/install/ariaNode/share/ariaNode/cmake/ariaNodeConfig-version.cmake
[6.443s] -- Installing: /workspace/AUTO4508-Team-2/install/ariaNode/share/ariaNode/package.xml
[6.445s] Invoked command in '/workspace/AUTO4508-Team-2/build/ariaNode' returned '0': CMAKE_PREFIX_PATH=${CMAKE_PREFIX_PATH}:/workspace/AUTO4508-Team-2/install/pioneer_robot:/opt/ros/jazzy /usr/bin/cmake --install /workspace/AUTO4508-Team-2/build/ariaNode
