[0.447s] Invoking command in '/home/winton/ros2_ws/build/pioneer_robot': DEBUGINFOD_URLS=https://debuginfod.ubuntu.com PYTHONPATH=/home/winton/ros2_ws/build/pioneer_robot/prefix_override:/usr/lib/python3/dist-packages/colcon_core/task/python/colcon_distutils_commands:/home/winton/ros2_ws/install/pioneer_robot/lib/python3.12/site-packages:${PYTHONPATH} /usr/bin/python3 -W ignore:setup.py install is deprecated -W ignore:easy_install command is deprecated setup.py develop --uninstall --editable --build-directory /home/winton/ros2_ws/build/pioneer_robot/build
[0.616s] running develop
[0.730s] Removing /home/winton/ros2_ws/install/pioneer_robot/lib/python3.12/site-packages/pioneer-robot.egg-link (link to .)
[0.748s] Invoked command in '/home/winton/ros2_ws/build/pioneer_robot' returned '0': DEBUGINFOD_URLS=https://debuginfod.ubuntu.com PYTHONPATH=/home/winton/ros2_ws/build/pioneer_robot/prefix_override:/usr/lib/python3/dist-packages/colcon_core/task/python/colcon_distutils_commands:/home/winton/ros2_ws/install/pioneer_robot/lib/python3.12/site-packages:${PYTHONPATH} /usr/bin/python3 -W ignore:setup.py install is deprecated -W ignore:easy_install command is deprecated setup.py develop --uninstall --editable --build-directory /home/winton/ros2_ws/build/pioneer_robot/build
[0.749s] Invoking command in '/home/winton/ros2_ws/src/pioneer_robot': DEBUGINFOD_URLS=https://debuginfod.ubuntu.com PYTHONPATH=/home/winton/ros2_ws/build/pioneer_robot/prefix_override:/usr/lib/python3/dist-packages/colcon_core/task/python/colcon_distutils_commands:/home/winton/ros2_ws/install/pioneer_robot/lib/python3.12/site-packages:${PYTHONPATH} /usr/bin/python3 -W ignore:setup.py install is deprecated -W ignore:easy_install command is deprecated setup.py egg_info --egg-base ../../build/pioneer_robot build --build-base /home/winton/ros2_ws/build/pioneer_robot/build install --record /home/winton/ros2_ws/build/pioneer_robot/install.log --single-version-externally-managed install_data --force
[0.899s] running egg_info
[0.909s] writing ../../build/pioneer_robot/pioneer_robot.egg-info/PKG-INFO
[0.909s] writing dependency_links to ../../build/pioneer_robot/pioneer_robot.egg-info/dependency_links.txt
[0.909s] writing entry points to ../../build/pioneer_robot/pioneer_robot.egg-info/entry_points.txt
[0.909s] writing requirements to ../../build/pioneer_robot/pioneer_robot.egg-info/requires.txt
[0.909s] writing top-level names to ../../build/pioneer_robot/pioneer_robot.egg-info/top_level.txt
[0.930s] reading manifest file '../../build/pioneer_robot/pioneer_robot.egg-info/SOURCES.txt'
[0.931s] writing manifest file '../../build/pioneer_robot/pioneer_robot.egg-info/SOURCES.txt'
[0.931s] running build
[0.931s] running build_py
[0.931s] running install
[0.935s] running install_lib
[0.946s] creating /home/winton/ros2_ws/install/pioneer_robot/lib/python3.12/site-packages/pioneer_robot
[0.946s] copying /home/winton/ros2_ws/build/pioneer_robot/build/lib/pioneer_robot/__init__.py -> /home/winton/ros2_ws/install/pioneer_robot/lib/python3.12/site-packages/pioneer_robot
[0.946s] copying /home/winton/ros2_ws/build/pioneer_robot/build/lib/pioneer_robot/waypoint_follower.py -> /home/winton/ros2_ws/install/pioneer_robot/lib/python3.12/site-packages/pioneer_robot
[0.946s] byte-compiling /home/winton/ros2_ws/install/pioneer_robot/lib/python3.12/site-packages/pioneer_robot/__init__.py to __init__.cpython-312.pyc
[0.946s] byte-compiling /home/winton/ros2_ws/install/pioneer_robot/lib/python3.12/site-packages/pioneer_robot/waypoint_follower.py to waypoint_follower.cpython-312.pyc
[0.947s] running install_data
[0.947s] copying resource/pioneer_robot -> /home/winton/ros2_ws/install/pioneer_robot/share/ament_index/resource_index/packages
[0.947s] copying package.xml -> /home/winton/ros2_ws/install/pioneer_robot/share/pioneer_robot
[0.947s] copying resources/launch/pioneer_launch.py -> /home/winton/ros2_ws/install/pioneer_robot/share/pioneer_robot/resources/launch
[0.947s] copying resources/launch/sdf.launch.py -> /home/winton/ros2_ws/install/pioneer_robot/share/pioneer_robot/resources/launch
[0.948s] copying resources/worlds/basic_urdf.sdf -> /home/winton/ros2_ws/install/pioneer_robot/share/pioneer_robot/resources/worlds
[0.948s] copying resources/robots/pioneer.urdf -> /home/winton/ros2_ws/install/pioneer_robot/share/pioneer_robot/resources/robots
[0.948s] copying resources/meshes/suporte_armControl_mesh.dae -> /home/winton/ros2_ws/install/pioneer_robot/share/pioneer_robot/resources/meshes
[0.948s] copying resources/meshes/wheel.dae -> /home/winton/ros2_ws/install/pioneer_robot/share/pioneer_robot/resources/meshes
[0.949s] copying resources/meshes/tampa2_mesh.dae -> /home/winton/ros2_ws/install/pioneer_robot/share/pioneer_robot/resources/meshes
[0.949s] copying resources/meshes/left_hubcap.dae -> /home/winton/ros2_ws/install/pioneer_robot/share/pioneer_robot/resources/meshes
[0.949s] copying resources/meshes/left_hubcap_mesh.dae -> /home/winton/ros2_ws/install/pioneer_robot/share/pioneer_robot/resources/meshes
[0.950s] copying resources/meshes/hokuyo1.dae -> /home/winton/ros2_ws/install/pioneer_robot/share/pioneer_robot/resources/meshes
[0.950s] copying resources/meshes/kinect.dae -> /home/winton/ros2_ws/install/pioneer_robot/share/pioneer_robot/resources/meshes
[0.951s] copying resources/meshes/tampa4_mesh.dae -> /home/winton/ros2_ws/install/pioneer_robot/share/pioneer_robot/resources/meshes
[0.951s] copying resources/meshes/tampa3_mesh.dae -> /home/winton/ros2_ws/install/pioneer_robot/share/pioneer_robot/resources/meshes
[0.952s] copying resources/meshes/suporte_base_mesh.dae -> /home/winton/ros2_ws/install/pioneer_robot/share/pioneer_robot/resources/meshes
[0.953s] copying resources/meshes/kinect.tga -> /home/winton/ros2_ws/install/pioneer_robot/share/pioneer_robot/resources/meshes
[0.953s] copying resources/meshes/suporte_base_mesh2.dae -> /home/winton/ros2_ws/install/pioneer_robot/share/pioneer_robot/resources/meshes
[0.954s] copying resources/meshes/tv_mesh.dae -> /home/winton/ros2_ws/install/pioneer_robot/share/pioneer_robot/resources/meshes
[0.955s] copying resources/meshes/suporte_kinect_mesh.dae -> /home/winton/ros2_ws/install/pioneer_robot/share/pioneer_robot/resources/meshes
[0.955s] copying resources/meshes/back_sonar_mesh.dae -> /home/winton/ros2_ws/install/pioneer_robot/share/pioneer_robot/resources/meshes
[0.956s] copying resources/meshes/chassis.dae -> /home/winton/ros2_ws/install/pioneer_robot/share/pioneer_robot/resources/meshes
[0.956s] copying resources/meshes/arm_control_box_mesh.dae -> /home/winton/ros2_ws/install/pioneer_robot/share/pioneer_robot/resources/meshes
[0.956s] copying resources/meshes/axle.dae -> /home/winton/ros2_ws/install/pioneer_robot/share/pioneer_robot/resources/meshes
[0.956s] copying resources/meshes/back_sonar.dae -> /home/winton/ros2_ws/install/pioneer_robot/share/pioneer_robot/resources/meshes
[0.957s] copying resources/meshes/front_sonar.dae -> /home/winton/ros2_ws/install/pioneer_robot/share/pioneer_robot/resources/meshes
[0.957s] copying resources/meshes/right_hubcap.dae -> /home/winton/ros2_ws/install/pioneer_robot/share/pioneer_robot/resources/meshes
[0.957s] copying resources/meshes/Coordinates -> /home/winton/ros2_ws/install/pioneer_robot/share/pioneer_robot/resources/meshes
[0.958s] copying resources/meshes/suporte_depth_mesh.dae -> /home/winton/ros2_ws/install/pioneer_robot/share/pioneer_robot/resources/meshes
[0.958s] copying resources/meshes/hokuyo.dae -> /home/winton/ros2_ws/install/pioneer_robot/share/pioneer_robot/resources/meshes
[0.958s] copying resources/meshes/tampa1_mesh.dae -> /home/winton/ros2_ws/install/pioneer_robot/share/pioneer_robot/resources/meshes
[0.958s] copying resources/meshes/top.dae -> /home/winton/ros2_ws/install/pioneer_robot/share/pioneer_robot/resources/meshes
[0.958s] copying resources/meshes/suporte_monitor_mesh.dae -> /home/winton/ros2_ws/install/pioneer_robot/share/pioneer_robot/resources/meshes
[0.958s] copying resources/meshes/hokuyo_convex.stl -> /home/winton/ros2_ws/install/pioneer_robot/share/pioneer_robot/resources/meshes
[0.959s] copying resources/meshes/p3at_meshes/right_hubcap.stl -> /home/winton/ros2_ws/install/pioneer_robot/share/pioneer_robot/resources/meshes/p3at_meshes
[0.959s] copying resources/meshes/p3at_meshes/axle.stl -> /home/winton/ros2_ws/install/pioneer_robot/share/pioneer_robot/resources/meshes/p3at_meshes
[0.959s] copying resources/meshes/p3at_meshes/wheel.dae -> /home/winton/ros2_ws/install/pioneer_robot/share/pioneer_robot/resources/meshes/p3at_meshes
[0.959s] copying resources/meshes/p3at_meshes/left_hubcap.dae -> /home/winton/ros2_ws/install/pioneer_robot/share/pioneer_robot/resources/meshes/p3at_meshes
[0.959s] copying resources/meshes/p3at_meshes/wheel.stl -> /home/winton/ros2_ws/install/pioneer_robot/share/pioneer_robot/resources/meshes/p3at_meshes
[0.959s] copying resources/meshes/p3at_meshes/front_sonar.stl -> /home/winton/ros2_ws/install/pioneer_robot/share/pioneer_robot/resources/meshes/p3at_meshes
[0.959s] copying resources/meshes/p3at_meshes/back_sonar.stl -> /home/winton/ros2_ws/install/pioneer_robot/share/pioneer_robot/resources/meshes/p3at_meshes
[0.960s] copying resources/meshes/p3at_meshes/top.stl -> /home/winton/ros2_ws/install/pioneer_robot/share/pioneer_robot/resources/meshes/p3at_meshes
[0.960s] copying resources/meshes/p3at_meshes/chassis.stl -> /home/winton/ros2_ws/install/pioneer_robot/share/pioneer_robot/resources/meshes/p3at_meshes
[0.960s] copying resources/meshes/p3at_meshes/chassis.dae -> /home/winton/ros2_ws/install/pioneer_robot/share/pioneer_robot/resources/meshes/p3at_meshes
[0.960s] copying resources/meshes/p3at_meshes/axle.dae -> /home/winton/ros2_ws/install/pioneer_robot/share/pioneer_robot/resources/meshes/p3at_meshes
[0.960s] copying resources/meshes/p3at_meshes/back_sonar.dae -> /home/winton/ros2_ws/install/pioneer_robot/share/pioneer_robot/resources/meshes/p3at_meshes
[0.960s] copying resources/meshes/p3at_meshes/front_sonar.dae -> /home/winton/ros2_ws/install/pioneer_robot/share/pioneer_robot/resources/meshes/p3at_meshes
[0.961s] copying resources/meshes/p3at_meshes/right_hubcap.dae -> /home/winton/ros2_ws/install/pioneer_robot/share/pioneer_robot/resources/meshes/p3at_meshes
[0.961s] copying resources/meshes/p3at_meshes/Coordinates -> /home/winton/ros2_ws/install/pioneer_robot/share/pioneer_robot/resources/meshes/p3at_meshes
[0.961s] copying resources/meshes/p3at_meshes/top.dae -> /home/winton/ros2_ws/install/pioneer_robot/share/pioneer_robot/resources/meshes/p3at_meshes
[0.961s] copying resources/meshes/p3at_meshes/left_hubcap.stl -> /home/winton/ros2_ws/install/pioneer_robot/share/pioneer_robot/resources/meshes/p3at_meshes
[0.961s] copying config/slam_params.yaml -> /home/winton/ros2_ws/install/pioneer_robot/share/pioneer_robot/config
[0.961s] copying config/nav2_params.yaml -> /home/winton/ros2_ws/install/pioneer_robot/share/pioneer_robot/config
[0.961s] copying config/slam_params.yaml -> /home/winton/ros2_ws/install/pioneer_robot/share/pioneer_robot/config
[0.962s] copying config/nav2_params.yaml -> /home/winton/ros2_ws/install/pioneer_robot/share/pioneer_robot/config
[0.962s] running install_egg_info
[0.973s] Copying ../../build/pioneer_robot/pioneer_robot.egg-info to /home/winton/ros2_ws/install/pioneer_robot/lib/python3.12/site-packages/pioneer_robot-0.0.0-py3.12.egg-info
[0.973s] running install_scripts
[1.045s] Installing waypoint_follower script to /home/winton/ros2_ws/install/pioneer_robot/lib/pioneer_robot
[1.045s] writing list of installed files to '/home/winton/ros2_ws/build/pioneer_robot/install.log'
[1.062s] Invoked command in '/home/winton/ros2_ws/src/pioneer_robot' returned '0': DEBUGINFOD_URLS=https://debuginfod.ubuntu.com PYTHONPATH=/home/winton/ros2_ws/build/pioneer_robot/prefix_override:/usr/lib/python3/dist-packages/colcon_core/task/python/colcon_distutils_commands:/home/winton/ros2_ws/install/pioneer_robot/lib/python3.12/site-packages:${PYTHONPATH} /usr/bin/python3 -W ignore:setup.py install is deprecated -W ignore:easy_install command is deprecated setup.py egg_info --egg-base ../../build/pioneer_robot build --build-base /home/winton/ros2_ws/build/pioneer_robot/build install --record /home/winton/ros2_ws/build/pioneer_robot/install.log --single-version-externally-managed install_data --force
