[0.446s] Invoking command in '/workspace/src/pioneer_robot': PYTHONPATH=/workspace/build/pioneer_robot/prefix_override:/usr/lib/python3/dist-packages/colcon_core/task/python/colcon_distutils_commands:/workspace/install/pioneer_robot/lib/python3.12/site-packages:${PYTHONPATH} /usr/bin/python3 -W ignore:setup.py install is deprecated -W ignore:easy_install command is deprecated setup.py egg_info --egg-base ../../build/pioneer_robot build --build-base /workspace/build/pioneer_robot/build install --record /workspace/build/pioneer_robot/install.log --single-version-externally-managed install_data
[0.590s] running egg_info
[0.599s] writing ../../build/pioneer_robot/pioneer_robot.egg-info/PKG-INFO
[0.599s] writing dependency_links to ../../build/pioneer_robot/pioneer_robot.egg-info/dependency_links.txt
[0.599s] writing entry points to ../../build/pioneer_robot/pioneer_robot.egg-info/entry_points.txt
[0.599s] writing requirements to ../../build/pioneer_robot/pioneer_robot.egg-info/requires.txt
[0.600s] writing top-level names to ../../build/pioneer_robot/pioneer_robot.egg-info/top_level.txt
[0.619s] reading manifest file '../../build/pioneer_robot/pioneer_robot.egg-info/SOURCES.txt'
[0.619s] writing manifest file '../../build/pioneer_robot/pioneer_robot.egg-info/SOURCES.txt'
[0.619s] running build
[0.620s] running build_py
[0.620s] copying pioneer_robot/cone_detector.py -> /workspace/build/pioneer_robot/build/lib/pioneer_robot
[0.620s] running install
[0.624s] running install_lib
[0.634s] copying /workspace/build/pioneer_robot/build/lib/pioneer_robot/cone_detector.py -> /workspace/install/pioneer_robot/lib/python3.12/site-packages/pioneer_robot
[0.634s] byte-compiling /workspace/install/pioneer_robot/lib/python3.12/site-packages/pioneer_robot/cone_detector.py to cone_detector.cpython-312.pyc
[0.635s] running install_data
[0.636s] running install_egg_info
[0.647s] removing '/workspace/install/pioneer_robot/lib/python3.12/site-packages/pioneer_robot-0.0.0-py3.12.egg-info' (and everything under it)
[0.647s] Copying ../../build/pioneer_robot/pioneer_robot.egg-info to /workspace/install/pioneer_robot/lib/python3.12/site-packages/pioneer_robot-0.0.0-py3.12.egg-info
[0.648s] running install_scripts
[0.712s] Installing cone_detector script to /workspace/install/pioneer_robot/lib/pioneer_robot
[0.712s] Installing gps_waypoint_follower script to /workspace/install/pioneer_robot/lib/pioneer_robot
[0.712s] Installing joy_controller script to /workspace/install/pioneer_robot/lib/pioneer_robot
[0.712s] Installing waypoint_follower script to /workspace/install/pioneer_robot/lib/pioneer_robot
[0.713s] writing list of installed files to '/workspace/build/pioneer_robot/install.log'
[0.730s] Invoked command in '/workspace/src/pioneer_robot' returned '0': PYTHONPATH=/workspace/build/pioneer_robot/prefix_override:/usr/lib/python3/dist-packages/colcon_core/task/python/colcon_distutils_commands:/workspace/install/pioneer_robot/lib/python3.12/site-packages:${PYTHONPATH} /usr/bin/python3 -W ignore:setup.py install is deprecated -W ignore:easy_install command is deprecated setup.py egg_info --egg-base ../../build/pioneer_robot build --build-base /workspace/build/pioneer_robot/build install --record /workspace/build/pioneer_robot/install.log --single-version-externally-managed install_data
