[0.007s] Invoking command in '/workspace/build/ariaNode': CMAKE_PREFIX_PATH=${CMAKE_PREFIX_PATH}:/workspace/install/pioneer_robot:/opt/ros/jazzy /usr/bin/cmake /workspace/src/ariaNode -DCMAKE_INSTALL_PREFIX=/workspace/install/ariaNode
[0.048s] -- The C compiler identification is GNU 13.3.0
[0.095s] -- The CXX compiler identification is GNU 13.3.0
[0.106s] -- Detecting C compiler ABI info
[0.183s] -- Detecting C compiler ABI info - done
[0.190s] -- Check for working C compiler: /usr/bin/cc - skipped
[0.190s] -- Detecting C compile features
[0.191s] -- Detecting C compile features - done
[0.197s] -- Detecting CXX compiler ABI info
[0.265s] -- Detecting CXX compiler ABI info - done
[0.272s] -- Check for working CXX compiler: /usr/bin/c++ - skipped
[0.272s] -- Detecting CXX compile features
[0.272s] -- Detecting CXX compile features - done
[0.276s] -- Found ament_cmake: 2.5.6 (/opt/ros/jazzy/share/ament_cmake/cmake)
[0.369s] -- Found Python3: /usr/bin/python3 (found version "3.12.3") found components: Interpreter 
[0.457s] -- Found rclcpp: 28.1.18 (/opt/ros/jazzy/share/rclcpp/cmake)
[0.497s] -- Found rosidl_generator_c: 4.6.7 (/opt/ros/jazzy/share/rosidl_generator_c/cmake)
[0.511s] -- Found rosidl_generator_cpp: 4.6.7 (/opt/ros/jazzy/share/rosidl_generator_cpp/cmake)
[0.526s] -- Using all available rosidl_typesupport_c: rosidl_typesupport_fastrtps_c;rosidl_typesupport_introspection_c
[0.542s] -- Using all available rosidl_typesupport_cpp: rosidl_typesupport_fastrtps_cpp;rosidl_typesupport_introspection_cpp
[0.606s] -- Found rmw_implementation_cmake: 7.3.3 (/opt/ros/jazzy/share/rmw_implementation_cmake/cmake)
[0.610s] -- Found rmw_fastrtps_cpp: 8.4.3 (/opt/ros/jazzy/share/rmw_fastrtps_cpp/cmake)
[0.671s] -- Found OpenSSL: /usr/lib/x86_64-linux-gnu/libcrypto.so (found version "3.0.13")  
[0.685s] -- Found FastRTPS: /opt/ros/jazzy/include (Required is at least version "2.13") 
[0.700s] -- Using RMW implementation 'rmw_fastrtps_cpp' as default
[0.763s] -- Found geometry_msgs: 5.3.7 (/opt/ros/jazzy/share/geometry_msgs/cmake)
[0.788s] -- Found nav_msgs: 5.3.7 (/opt/ros/jazzy/share/nav_msgs/cmake)
[0.810s] -- Found tf2_ros: 0.36.20 (/opt/ros/jazzy/share/tf2_ros/cmake)
[0.922s] [0mThe root directory is /opt/ros/jazzy/share/fastrtps_cmake_module/cmake/Modules[0m
[0.925s] -- Found ament_lint_auto: 0.17.5 (/opt/ros/jazzy/share/ament_lint_auto/cmake)
[0.975s] WARNING: Package name "ariaNode" does not follow the naming conventions. It should start with a lower case letter and only contain lower case letters, digits, underscores, and dashes.
[1.007s] -- Added test 'cppcheck' to perform static code analysis on C / C++ code
[1.007s] -- Configured cppcheck include dirs: 
[1.007s] -- Configured cppcheck exclude dirs and/or files: 
[1.008s] -- Added test 'lint_cmake' to check CMake code style
[1.008s] -- Added test 'uncrustify' to check C / C++ code style
[1.009s] -- Configured uncrustify additional arguments: 
[1.009s] -- Added test 'xmllint' to check XML markup files
[1.011s] -- Configuring done (1.0s)
[1.020s] -- Generating done (0.0s)
[1.023s] -- Build files have been written to: /workspace/build/ariaNode
[1.030s] Invoked command in '/workspace/build/ariaNode' returned '0': CMAKE_PREFIX_PATH=${CMAKE_PREFIX_PATH}:/workspace/install/pioneer_robot:/opt/ros/jazzy /usr/bin/cmake /workspace/src/ariaNode -DCMAKE_INSTALL_PREFIX=/workspace/install/ariaNode
[1.031s] Invoking command in '/workspace/build/ariaNode': CMAKE_PREFIX_PATH=${CMAKE_PREFIX_PATH}:/workspace/install/pioneer_robot:/opt/ros/jazzy /usr/bin/cmake --build /workspace/build/ariaNode -- -j8 -l8
[1.068s] [ 50%] [32mBuilding CXX object CMakeFiles/ariaNode.dir/src/ariaNode.cpp.o[0m
[7.326s] [100%] [32m[1mLinking CXX executable ariaNode[0m
[7.603s] [100%] Built target ariaNode
[7.612s] Invoked command in '/workspace/build/ariaNode' returned '0': CMAKE_PREFIX_PATH=${CMAKE_PREFIX_PATH}:/workspace/install/pioneer_robot:/opt/ros/jazzy /usr/bin/cmake --build /workspace/build/ariaNode -- -j8 -l8
[7.618s] Invoking command in '/workspace/build/ariaNode': CMAKE_PREFIX_PATH=${CMAKE_PREFIX_PATH}:/workspace/install/pioneer_robot:/opt/ros/jazzy /usr/bin/cmake --install /workspace/build/ariaNode
[7.624s] -- Install configuration: ""
[7.624s] -- Installing: /workspace/install/ariaNode/lib/ariaNode/ariaNode
[7.627s] -- Set non-toolchain portion of runtime path of "/workspace/install/ariaNode/lib/ariaNode/ariaNode" to ""
[7.627s] -- Installing: /workspace/install/ariaNode/share/ament_index/resource_index/package_run_dependencies/ariaNode
[7.627s] -- Installing: /workspace/install/ariaNode/share/ament_index/resource_index/parent_prefix_path/ariaNode
[7.627s] -- Installing: /workspace/install/ariaNode/share/ariaNode/environment/ament_prefix_path.sh
[7.627s] -- Installing: /workspace/install/ariaNode/share/ariaNode/environment/ament_prefix_path.dsv
[7.627s] -- Installing: /workspace/install/ariaNode/share/ariaNode/environment/path.sh
[7.627s] -- Installing: /workspace/install/ariaNode/share/ariaNode/environment/path.dsv
[7.627s] -- Installing: /workspace/install/ariaNode/share/ariaNode/local_setup.bash
[7.628s] -- Installing: /workspace/install/ariaNode/share/ariaNode/local_setup.sh
[7.628s] -- Installing: /workspace/install/ariaNode/share/ariaNode/local_setup.zsh
[7.628s] -- Installing: /workspace/install/ariaNode/share/ariaNode/local_setup.dsv
[7.628s] -- Installing: /workspace/install/ariaNode/share/ariaNode/package.dsv
[7.628s] -- Installing: /workspace/install/ariaNode/share/ament_index/resource_index/packages/ariaNode
[7.628s] -- Installing: /workspace/install/ariaNode/share/ariaNode/cmake/ariaNodeConfig.cmake
[7.628s] -- Installing: /workspace/install/ariaNode/share/ariaNode/cmake/ariaNodeConfig-version.cmake
[7.628s] -- Installing: /workspace/install/ariaNode/share/ariaNode/package.xml
[7.630s] Invoked command in '/workspace/build/ariaNode' returned '0': CMAKE_PREFIX_PATH=${CMAKE_PREFIX_PATH}:/workspace/install/pioneer_robot:/opt/ros/jazzy /usr/bin/cmake --install /workspace/build/ariaNode
