[0.433s] Invoking command in '/home/winton/ros2_ws/src/pioneer_robot': DEBUGINFOD_URLS=https://debuginfod.ubuntu.com PYTHONPATH=/home/winton/ros2_ws/build/pioneer_robot/prefix_override:/usr/lib/python3/dist-packages/colcon_core/task/python/colcon_distutils_commands:/home/winton/ros2_ws/install/pioneer_robot/lib/python3.12/site-packages:${PYTHONPATH} /usr/bin/python3 -W ignore:setup.py install is deprecated -W ignore:easy_install command is deprecated setup.py egg_info --egg-base ../../build/pioneer_robot build --build-base /home/winton/ros2_ws/build/pioneer_robot/build install --record /home/winton/ros2_ws/build/pioneer_robot/install.log --single-version-externally-managed install_data
[0.576s] running egg_info
[0.585s] writing ../../build/pioneer_robot/pioneer_robot.egg-info/PKG-INFO
[0.585s] writing dependency_links to ../../build/pioneer_robot/pioneer_robot.egg-info/dependency_links.txt
[0.585s] writing entry points to ../../build/pioneer_robot/pioneer_robot.egg-info/entry_points.txt
[0.585s] writing requirements to ../../build/pioneer_robot/pioneer_robot.egg-info/requires.txt
[0.585s] writing top-level names to ../../build/pioneer_robot/pioneer_robot.egg-info/top_level.txt
[0.605s] reading manifest file '../../build/pioneer_robot/pioneer_robot.egg-info/SOURCES.txt'
[0.606s] writing manifest file '../../build/pioneer_robot/pioneer_robot.egg-info/SOURCES.txt'
[0.606s] running build
[0.606s] running build_py
[0.606s] running install
[0.610s] running install_lib
[0.620s] running install_data
[0.620s] copying config/slam_params.yaml -> /home/winton/ros2_ws/install/pioneer_robot/share/pioneer_robot/config
[0.620s] copying config/nav2_params.yaml -> /home/winton/ros2_ws/install/pioneer_robot/share/pioneer_robot/config
[0.620s] running install_egg_info
[0.631s] removing '/home/winton/ros2_ws/install/pioneer_robot/lib/python3.12/site-packages/pioneer_robot-0.0.0-py3.12.egg-info' (and everything under it)
[0.631s] Copying ../../build/pioneer_robot/pioneer_robot.egg-info to /home/winton/ros2_ws/install/pioneer_robot/lib/python3.12/site-packages/pioneer_robot-0.0.0-py3.12.egg-info
[0.631s] running install_scripts
[0.699s] Installing waypoint_follower script to /home/winton/ros2_ws/install/pioneer_robot/lib/pioneer_robot
[0.700s] writing list of installed files to '/home/winton/ros2_ws/build/pioneer_robot/install.log'
[0.716s] Invoked command in '/home/winton/ros2_ws/src/pioneer_robot' returned '0': DEBUGINFOD_URLS=https://debuginfod.ubuntu.com PYTHONPATH=/home/winton/ros2_ws/build/pioneer_robot/prefix_override:/usr/lib/python3/dist-packages/colcon_core/task/python/colcon_distutils_commands:/home/winton/ros2_ws/install/pioneer_robot/lib/python3.12/site-packages:${PYTHONPATH} /usr/bin/python3 -W ignore:setup.py install is deprecated -W ignore:easy_install command is deprecated setup.py egg_info --egg-base ../../build/pioneer_robot build --build-base /home/winton/ros2_ws/build/pioneer_robot/build install --record /home/winton/ros2_ws/build/pioneer_robot/install.log --single-version-externally-managed install_data
