[0.145s] DEBUG:colcon:Command line arguments: ['/usr/bin/colcon', 'build']
[0.145s] DEBUG:colcon:Parsed command line arguments: Namespace(log_base=None, log_level=None, verb_name='build', build_base='build', install_base='install', merge_install=False, symlink_install=False, test_result_base=None, continue_on_error=False, executor='parallel', parallel_workers=8, event_handlers=None, ignore_user_meta=False, metas=['./colcon.meta'], base_paths=['.'], packages_ignore=None, packages_ignore_regex=None, paths=None, packages_up_to=None, packages_up_to_regex=None, packages_above=None, packages_above_and_dependencies=None, packages_above_depth=None, packages_select_by_dep=None, packages_skip_by_dep=None, packages_skip_up_to=None, packages_select_build_failed=False, packages_skip_build_finished=False, packages_select_test_failures=False, packages_skip_test_passed=False, packages_select=None, packages_skip=None, packages_select_regex=None, packages_skip_regex=None, packages_start=None, packages_end=None, cmake_args=None, cmake_target=None, cmake_target_skip_unavailable=False, cmake_clean_cache=False, cmake_clean_first=False, cmake_force_configure=False, ament_cmake_args=None, catkin_cmake_args=None, catkin_skip_building_tests=False, mixin_files=None, mixin=None, verb_parser=<colcon_mixin.mixin.mixin_argument.MixinArgumentDecorator object at 0x77932b9c0bf0>, verb_extension=<colcon_core.verb.build.BuildVerb object at 0x77932b1f13a0>, main=<bound method BuildVerb.main of <colcon_core.verb.build.BuildVerb object at 0x77932b1f13a0>>, mixin_verb=('build',))
[0.182s] Level 1:colcon.colcon_core.package_discovery:discover_packages(colcon_meta) check parameters
[0.182s] INFO:colcon.colcon_metadata.package_discovery.colcon_meta:Using configuration from '/root/.colcon/metadata/default/Gazebo.meta'
[0.183s] INFO:colcon.colcon_metadata.package_discovery.colcon_meta:Using configuration from '/root/.colcon/metadata/default/fastdds.meta'
[0.183s] INFO:colcon.colcon_metadata.package_discovery.colcon_meta:Using configuration from '/root/.colcon/metadata/default/fastrtps.meta'
[0.183s] Level 1:colcon.colcon_core.package_discovery:discover_packages(recursive) check parameters
[0.183s] Level 1:colcon.colcon_core.package_discovery:discover_packages(ignore) check parameters
[0.183s] Level 1:colcon.colcon_core.package_discovery:discover_packages(path) check parameters
[0.183s] Level 1:colcon.colcon_core.package_discovery:discover_packages(colcon_meta) discover
[0.183s] Level 1:colcon.colcon_core.package_discovery:discover_packages(recursive) discover
[0.183s] INFO:colcon.colcon_core.package_discovery:Crawling recursively for packages in '/workspace/AUTO4508-Team-2'
[0.183s] Level 1:colcon.colcon_core.package_identification:_identify(.) by extensions ['ignore', 'ignore_ament_install']
[0.183s] Level 1:colcon.colcon_core.package_identification:_identify(.) by extension 'ignore'
[0.183s] Level 1:colcon.colcon_core.package_identification:_identify(.) by extension 'ignore_ament_install'
[0.183s] Level 1:colcon.colcon_core.package_identification:_identify(.) by extensions ['colcon_pkg']
[0.183s] Level 1:colcon.colcon_core.package_identification:_identify(.) by extension 'colcon_pkg'
[0.183s] Level 1:colcon.colcon_core.package_identification:_identify(.) by extensions ['colcon_meta']
[0.183s] Level 1:colcon.colcon_core.package_identification:_identify(.) by extension 'colcon_meta'
[0.183s] Level 1:colcon.colcon_core.package_identification:_identify(.) by extensions ['ros']
[0.183s] Level 1:colcon.colcon_core.package_identification:_identify(.) by extension 'ros'
[0.204s] Level 1:colcon.colcon_core.package_identification:_identify(.) by extensions ['cmake', 'python']
[0.204s] Level 1:colcon.colcon_core.package_identification:_identify(.) by extension 'cmake'
[0.204s] Level 1:colcon.colcon_core.package_identification:_identify(.) by extension 'python'
[0.204s] Level 1:colcon.colcon_core.package_identification:_identify(.) by extensions ['python_setup_py']
[0.204s] Level 1:colcon.colcon_core.package_identification:_identify(.) by extension 'python_setup_py'
[0.204s] Level 1:colcon.colcon_core.package_identification:_identify(build) by extensions ['ignore', 'ignore_ament_install']
[0.204s] Level 1:colcon.colcon_core.package_identification:_identify(build) by extension 'ignore'
[0.205s] Level 1:colcon.colcon_core.package_identification:_identify(build) ignored
[0.205s] Level 1:colcon.colcon_core.package_identification:_identify(install) by extensions ['ignore', 'ignore_ament_install']
[0.205s] Level 1:colcon.colcon_core.package_identification:_identify(install) by extension 'ignore'
[0.205s] Level 1:colcon.colcon_core.package_identification:_identify(install) ignored
[0.205s] Level 1:colcon.colcon_core.package_identification:_identify(log) by extensions ['ignore', 'ignore_ament_install']
[0.205s] Level 1:colcon.colcon_core.package_identification:_identify(log) by extension 'ignore'
[0.205s] Level 1:colcon.colcon_core.package_identification:_identify(log) ignored
[0.205s] Level 1:colcon.colcon_core.package_identification:_identify(src) by extensions ['ignore', 'ignore_ament_install']
[0.205s] Level 1:colcon.colcon_core.package_identification:_identify(src) by extension 'ignore'
[0.205s] Level 1:colcon.colcon_core.package_identification:_identify(src) by extension 'ignore_ament_install'
[0.205s] Level 1:colcon.colcon_core.package_identification:_identify(src) by extensions ['colcon_pkg']
[0.205s] Level 1:colcon.colcon_core.package_identification:_identify(src) by extension 'colcon_pkg'
[0.205s] Level 1:colcon.colcon_core.package_identification:_identify(src) by extensions ['colcon_meta']
[0.205s] Level 1:colcon.colcon_core.package_identification:_identify(src) by extension 'colcon_meta'
[0.205s] Level 1:colcon.colcon_core.package_identification:_identify(src) by extensions ['ros']
[0.205s] Level 1:colcon.colcon_core.package_identification:_identify(src) by extension 'ros'
[0.205s] Level 1:colcon.colcon_core.package_identification:_identify(src) by extensions ['cmake', 'python']
[0.205s] Level 1:colcon.colcon_core.package_identification:_identify(src) by extension 'cmake'
[0.205s] Level 1:colcon.colcon_core.package_identification:_identify(src) by extension 'python'
[0.205s] Level 1:colcon.colcon_core.package_identification:_identify(src) by extensions ['python_setup_py']
[0.205s] Level 1:colcon.colcon_core.package_identification:_identify(src) by extension 'python_setup_py'
[0.206s] Level 1:colcon.colcon_core.package_identification:_identify(src/ariaNode) by extensions ['ignore', 'ignore_ament_install']
[0.206s] Level 1:colcon.colcon_core.package_identification:_identify(src/ariaNode) by extension 'ignore'
[0.206s] Level 1:colcon.colcon_core.package_identification:_identify(src/ariaNode) by extension 'ignore_ament_install'
[0.206s] Level 1:colcon.colcon_core.package_identification:_identify(src/ariaNode) by extensions ['colcon_pkg']
[0.206s] Level 1:colcon.colcon_core.package_identification:_identify(src/ariaNode) by extension 'colcon_pkg'
[0.206s] Level 1:colcon.colcon_core.package_identification:_identify(src/ariaNode) by extensions ['colcon_meta']
[0.206s] Level 1:colcon.colcon_core.package_identification:_identify(src/ariaNode) by extension 'colcon_meta'
[0.206s] Level 1:colcon.colcon_core.package_identification:_identify(src/ariaNode) by extensions ['ros']
[0.206s] Level 1:colcon.colcon_core.package_identification:_identify(src/ariaNode) by extension 'ros'
[0.209s] DEBUG:colcon.colcon_core.package_identification:Package 'src/ariaNode' with type 'ros.ament_cmake' and name 'ariaNode'
[0.209s] Level 1:colcon.colcon_core.package_identification:_identify(src/pioneer_robot) by extensions ['ignore', 'ignore_ament_install']
[0.209s] Level 1:colcon.colcon_core.package_identification:_identify(src/pioneer_robot) by extension 'ignore'
[0.209s] Level 1:colcon.colcon_core.package_identification:_identify(src/pioneer_robot) by extension 'ignore_ament_install'
[0.209s] Level 1:colcon.colcon_core.package_identification:_identify(src/pioneer_robot) by extensions ['colcon_pkg']
[0.209s] Level 1:colcon.colcon_core.package_identification:_identify(src/pioneer_robot) by extension 'colcon_pkg'
[0.209s] Level 1:colcon.colcon_core.package_identification:_identify(src/pioneer_robot) by extensions ['colcon_meta']
[0.209s] Level 1:colcon.colcon_core.package_identification:_identify(src/pioneer_robot) by extension 'colcon_meta'
[0.209s] Level 1:colcon.colcon_core.package_identification:_identify(src/pioneer_robot) by extensions ['ros']
[0.209s] Level 1:colcon.colcon_core.package_identification:_identify(src/pioneer_robot) by extension 'ros'
[0.210s] DEBUG:colcon.colcon_core.package_identification:Package 'src/pioneer_robot' with type 'ros.ament_python' and name 'pioneer_robot'
[0.210s] Level 1:colcon.colcon_core.package_discovery:discover_packages(recursive) using defaults
[0.210s] Level 1:colcon.colcon_core.package_discovery:discover_packages(ignore) discover
[0.210s] Level 1:colcon.colcon_core.package_discovery:discover_packages(ignore) using defaults
[0.210s] Level 1:colcon.colcon_core.package_discovery:discover_packages(path) discover
[0.210s] Level 1:colcon.colcon_core.package_discovery:discover_packages(path) using defaults
[0.227s] Level 5:colcon.colcon_core.verb:set package 'ariaNode' build argument 'cmake_args' from command line to 'None'
[0.227s] Level 5:colcon.colcon_core.verb:set package 'ariaNode' build argument 'cmake_target' from command line to 'None'
[0.227s] Level 5:colcon.colcon_core.verb:set package 'ariaNode' build argument 'cmake_target_skip_unavailable' from command line to 'False'
[0.227s] Level 5:colcon.colcon_core.verb:set package 'ariaNode' build argument 'cmake_clean_cache' from command line to 'False'
[0.227s] Level 5:colcon.colcon_core.verb:set package 'ariaNode' build argument 'cmake_clean_first' from command line to 'False'
[0.227s] Level 5:colcon.colcon_core.verb:set package 'ariaNode' build argument 'cmake_force_configure' from command line to 'False'
[0.227s] Level 5:colcon.colcon_core.verb:set package 'ariaNode' build argument 'ament_cmake_args' from command line to 'None'
[0.227s] Level 5:colcon.colcon_core.verb:set package 'ariaNode' build argument 'catkin_cmake_args' from command line to 'None'
[0.227s] Level 5:colcon.colcon_core.verb:set package 'ariaNode' build argument 'catkin_skip_building_tests' from command line to 'False'
[0.227s] DEBUG:colcon.colcon_core.verb:Building package 'ariaNode' with the following arguments: {'ament_cmake_args': None, 'build_base': '/workspace/AUTO4508-Team-2/build/ariaNode', 'catkin_cmake_args': None, 'catkin_skip_building_tests': False, 'cmake_args': None, 'cmake_clean_cache': False, 'cmake_clean_first': False, 'cmake_force_configure': False, 'cmake_target': None, 'cmake_target_skip_unavailable': False, 'install_base': '/workspace/AUTO4508-Team-2/install/ariaNode', 'merge_install': False, 'path': '/workspace/AUTO4508-Team-2/src/ariaNode', 'symlink_install': False, 'test_result_base': None}
[0.227s] Level 5:colcon.colcon_core.verb:set package 'pioneer_robot' build argument 'cmake_args' from command line to 'None'
[0.227s] Level 5:colcon.colcon_core.verb:set package 'pioneer_robot' build argument 'cmake_target' from command line to 'None'
[0.227s] Level 5:colcon.colcon_core.verb:set package 'pioneer_robot' build argument 'cmake_target_skip_unavailable' from command line to 'False'
[0.227s] Level 5:colcon.colcon_core.verb:set package 'pioneer_robot' build argument 'cmake_clean_cache' from command line to 'False'
[0.227s] Level 5:colcon.colcon_core.verb:set package 'pioneer_robot' build argument 'cmake_clean_first' from command line to 'False'
[0.227s] Level 5:colcon.colcon_core.verb:set package 'pioneer_robot' build argument 'cmake_force_configure' from command line to 'False'
[0.227s] Level 5:colcon.colcon_core.verb:set package 'pioneer_robot' build argument 'ament_cmake_args' from command line to 'None'
[0.227s] Level 5:colcon.colcon_core.verb:set package 'pioneer_robot' build argument 'catkin_cmake_args' from command line to 'None'
[0.227s] Level 5:colcon.colcon_core.verb:set package 'pioneer_robot' build argument 'catkin_skip_building_tests' from command line to 'False'
[0.227s] DEBUG:colcon.colcon_core.verb:Building package 'pioneer_robot' with the following arguments: {'ament_cmake_args': None, 'build_base': '/workspace/AUTO4508-Team-2/build/pioneer_robot', 'catkin_cmake_args': None, 'catkin_skip_building_tests': False, 'cmake_args': None, 'cmake_clean_cache': False, 'cmake_clean_first': False, 'cmake_force_configure': False, 'cmake_target': None, 'cmake_target_skip_unavailable': False, 'install_base': '/workspace/AUTO4508-Team-2/install/pioneer_robot', 'merge_install': False, 'path': '/workspace/AUTO4508-Team-2/src/pioneer_robot', 'symlink_install': False, 'test_result_base': None}
[0.227s] INFO:colcon.colcon_core.executor:Executing jobs using 'parallel' executor
[0.228s] DEBUG:colcon.colcon_parallel_executor.executor.parallel:run_until_complete
[0.228s] INFO:colcon.colcon_ros.task.ament_cmake.build:Building ROS package in '/workspace/AUTO4508-Team-2/src/ariaNode' with build type 'ament_cmake'
[0.228s] INFO:colcon.colcon_cmake.task.cmake.build:Building CMake package in '/workspace/AUTO4508-Team-2/src/ariaNode'
[0.231s] INFO:colcon.colcon_core.plugin_system:Skipping extension 'colcon_core.shell.bat': Not used on non-Windows systems
[0.231s] INFO:colcon.colcon_core.shell:Skip shell extension 'powershell' for command environment: Not usable outside of PowerShell
[0.231s] DEBUG:colcon.colcon_core.shell:Skip shell extension 'dsv' for command environment
[0.235s] INFO:colcon.colcon_ros.task.ament_python.build:Building ROS package in '/workspace/AUTO4508-Team-2/src/pioneer_robot' with build type 'ament_python'
[0.235s] Level 1:colcon.colcon_core.shell:create_environment_hook('pioneer_robot', 'ament_prefix_path')
[0.235s] INFO:colcon.colcon_core.shell:Creating environment hook '/workspace/AUTO4508-Team-2/install/pioneer_robot/share/pioneer_robot/hook/ament_prefix_path.ps1'
[0.236s] INFO:colcon.colcon_core.shell:Creating environment descriptor '/workspace/AUTO4508-Team-2/install/pioneer_robot/share/pioneer_robot/hook/ament_prefix_path.dsv'
[0.236s] INFO:colcon.colcon_core.shell:Creating environment hook '/workspace/AUTO4508-Team-2/install/pioneer_robot/share/pioneer_robot/hook/ament_prefix_path.sh'
[0.237s] INFO:colcon.colcon_core.shell:Skip shell extension 'powershell' for command environment: Not usable outside of PowerShell
[0.237s] DEBUG:colcon.colcon_core.shell:Skip shell extension 'dsv' for command environment
[0.241s] DEBUG:colcon.colcon_core.event_handler.log_command:Invoking command in '/workspace/AUTO4508-Team-2/build/ariaNode': CMAKE_PREFIX_PATH=${CMAKE_PREFIX_PATH}:/workspace/AUTO4508-Team-2/install/pioneer_robot:/opt/ros/jazzy /usr/bin/cmake --build /workspace/AUTO4508-Team-2/build/ariaNode -- -j8 -l8
[0.372s] INFO:colcon.colcon_core.task.python.build:Building Python package in '/workspace/AUTO4508-Team-2/src/pioneer_robot'
[0.372s] INFO:colcon.colcon_core.shell:Skip shell extension 'powershell' for command environment: Not usable outside of PowerShell
[0.372s] DEBUG:colcon.colcon_core.shell:Skip shell extension 'dsv' for command environment
[0.375s] DEBUG:colcon.colcon_core.event_handler.log_command:Invoked command in '/workspace/AUTO4508-Team-2/build/ariaNode' returned '0': CMAKE_PREFIX_PATH=${CMAKE_PREFIX_PATH}:/workspace/AUTO4508-Team-2/install/pioneer_robot:/opt/ros/jazzy /usr/bin/cmake --build /workspace/AUTO4508-Team-2/build/ariaNode -- -j8 -l8
[0.383s] DEBUG:colcon.colcon_core.event_handler.log_command:Invoking command in '/workspace/AUTO4508-Team-2/build/ariaNode': CMAKE_PREFIX_PATH=${CMAKE_PREFIX_PATH}:/workspace/AUTO4508-Team-2/install/pioneer_robot:/opt/ros/jazzy /usr/bin/cmake --install /workspace/AUTO4508-Team-2/build/ariaNode
[0.392s] Level 1:colcon.colcon_core.environment:create_environment_scripts_only(ariaNode)
[0.392s] DEBUG:colcon.colcon_core.event_handler.log_command:Invoked command in '/workspace/AUTO4508-Team-2/build/ariaNode' returned '0': CMAKE_PREFIX_PATH=${CMAKE_PREFIX_PATH}:/workspace/AUTO4508-Team-2/install/pioneer_robot:/opt/ros/jazzy /usr/bin/cmake --install /workspace/AUTO4508-Team-2/build/ariaNode
[0.396s] Level 1:colcon.colcon_core.environment:checking '/workspace/AUTO4508-Team-2/install/ariaNode' for CMake module files
[0.396s] Level 1:colcon.colcon_core.environment:checking '/workspace/AUTO4508-Team-2/install/ariaNode' for CMake config files
[0.396s] Level 1:colcon.colcon_core.shell:create_environment_hook('ariaNode', 'cmake_prefix_path')
[0.396s] INFO:colcon.colcon_core.shell:Creating environment hook '/workspace/AUTO4508-Team-2/install/ariaNode/share/ariaNode/hook/cmake_prefix_path.ps1'
[0.396s] INFO:colcon.colcon_core.shell:Creating environment descriptor '/workspace/AUTO4508-Team-2/install/ariaNode/share/ariaNode/hook/cmake_prefix_path.dsv'
[0.397s] INFO:colcon.colcon_core.shell:Creating environment hook '/workspace/AUTO4508-Team-2/install/ariaNode/share/ariaNode/hook/cmake_prefix_path.sh'
[0.397s] Level 1:colcon.colcon_core.environment:checking '/workspace/AUTO4508-Team-2/install/ariaNode/lib'
[0.397s] Level 1:colcon.colcon_core.environment:checking '/workspace/AUTO4508-Team-2/install/ariaNode/bin'
[0.397s] Level 1:colcon.colcon_core.environment:checking '/workspace/AUTO4508-Team-2/install/ariaNode/lib/pkgconfig/ariaNode.pc'
[0.397s] Level 1:colcon.colcon_core.environment:checking '/workspace/AUTO4508-Team-2/install/ariaNode/lib/python3.12/site-packages'
[0.398s] Level 1:colcon.colcon_core.environment:checking '/workspace/AUTO4508-Team-2/install/ariaNode/bin'
[0.398s] INFO:colcon.colcon_core.shell:Creating package script '/workspace/AUTO4508-Team-2/install/ariaNode/share/ariaNode/package.ps1'
[0.398s] INFO:colcon.colcon_core.shell:Creating package descriptor '/workspace/AUTO4508-Team-2/install/ariaNode/share/ariaNode/package.dsv'
[0.399s] INFO:colcon.colcon_core.shell:Creating package script '/workspace/AUTO4508-Team-2/install/ariaNode/share/ariaNode/package.sh'
[0.399s] INFO:colcon.colcon_core.shell:Creating package script '/workspace/AUTO4508-Team-2/install/ariaNode/share/ariaNode/package.bash'
[0.400s] INFO:colcon.colcon_core.shell:Creating package script '/workspace/AUTO4508-Team-2/install/ariaNode/share/ariaNode/package.zsh'
[0.401s] Level 1:colcon.colcon_core.environment:create_file_with_runtime_dependencies(/workspace/AUTO4508-Team-2/install/ariaNode/share/colcon-core/packages/ariaNode)
[0.401s] Level 1:colcon.colcon_core.environment:create_environment_scripts_only(ariaNode)
[0.401s] Level 1:colcon.colcon_core.environment:checking '/workspace/AUTO4508-Team-2/install/ariaNode' for CMake module files
[0.401s] Level 1:colcon.colcon_core.environment:checking '/workspace/AUTO4508-Team-2/install/ariaNode' for CMake config files
[0.401s] Level 1:colcon.colcon_core.shell:create_environment_hook('ariaNode', 'cmake_prefix_path')
[0.401s] INFO:colcon.colcon_core.shell:Creating environment hook '/workspace/AUTO4508-Team-2/install/ariaNode/share/ariaNode/hook/cmake_prefix_path.ps1'
[0.402s] INFO:colcon.colcon_core.shell:Creating environment descriptor '/workspace/AUTO4508-Team-2/install/ariaNode/share/ariaNode/hook/cmake_prefix_path.dsv'
[0.402s] INFO:colcon.colcon_core.shell:Creating environment hook '/workspace/AUTO4508-Team-2/install/ariaNode/share/ariaNode/hook/cmake_prefix_path.sh'
[0.402s] Level 1:colcon.colcon_core.environment:checking '/workspace/AUTO4508-Team-2/install/ariaNode/lib'
[0.402s] Level 1:colcon.colcon_core.environment:checking '/workspace/AUTO4508-Team-2/install/ariaNode/bin'
[0.402s] Level 1:colcon.colcon_core.environment:checking '/workspace/AUTO4508-Team-2/install/ariaNode/lib/pkgconfig/ariaNode.pc'
[0.402s] Level 1:colcon.colcon_core.environment:checking '/workspace/AUTO4508-Team-2/install/ariaNode/lib/python3.12/site-packages'
[0.403s] Level 1:colcon.colcon_core.environment:checking '/workspace/AUTO4508-Team-2/install/ariaNode/bin'
[0.403s] INFO:colcon.colcon_core.shell:Creating package script '/workspace/AUTO4508-Team-2/install/ariaNode/share/ariaNode/package.ps1'
[0.403s] INFO:colcon.colcon_core.shell:Creating package descriptor '/workspace/AUTO4508-Team-2/install/ariaNode/share/ariaNode/package.dsv'
[0.403s] INFO:colcon.colcon_core.shell:Creating package script '/workspace/AUTO4508-Team-2/install/ariaNode/share/ariaNode/package.sh'
[0.404s] INFO:colcon.colcon_core.shell:Creating package script '/workspace/AUTO4508-Team-2/install/ariaNode/share/ariaNode/package.bash'
[0.404s] INFO:colcon.colcon_core.shell:Creating package script '/workspace/AUTO4508-Team-2/install/ariaNode/share/ariaNode/package.zsh'
[0.404s] Level 1:colcon.colcon_core.environment:create_file_with_runtime_dependencies(/workspace/AUTO4508-Team-2/install/ariaNode/share/colcon-core/packages/ariaNode)
[0.769s] DEBUG:colcon.colcon_core.event_handler.log_command:Invoking command in '/workspace/AUTO4508-Team-2/src/pioneer_robot': PYTHONPATH=/workspace/AUTO4508-Team-2/build/pioneer_robot/prefix_override:/usr/lib/python3/dist-packages/colcon_core/task/python/colcon_distutils_commands:/workspace/AUTO4508-Team-2/install/pioneer_robot/lib/python3.12/site-packages:${PYTHONPATH} /usr/bin/python3 -W ignore:setup.py install is deprecated -W ignore:easy_install command is deprecated setup.py egg_info --egg-base ../../build/pioneer_robot build --build-base /workspace/AUTO4508-Team-2/build/pioneer_robot/build install --record /workspace/AUTO4508-Team-2/build/pioneer_robot/install.log --single-version-externally-managed install_data
[1.031s] Level 1:colcon.colcon_core.environment:checking '/workspace/AUTO4508-Team-2/install/pioneer_robot' for CMake module files
[1.032s] DEBUG:colcon.colcon_core.event_handler.log_command:Invoked command in '/workspace/AUTO4508-Team-2/src/pioneer_robot' returned '0': PYTHONPATH=/workspace/AUTO4508-Team-2/build/pioneer_robot/prefix_override:/usr/lib/python3/dist-packages/colcon_core/task/python/colcon_distutils_commands:/workspace/AUTO4508-Team-2/install/pioneer_robot/lib/python3.12/site-packages:${PYTHONPATH} /usr/bin/python3 -W ignore:setup.py install is deprecated -W ignore:easy_install command is deprecated setup.py egg_info --egg-base ../../build/pioneer_robot build --build-base /workspace/AUTO4508-Team-2/build/pioneer_robot/build install --record /workspace/AUTO4508-Team-2/build/pioneer_robot/install.log --single-version-externally-managed install_data
[1.032s] Level 1:colcon.colcon_core.environment:checking '/workspace/AUTO4508-Team-2/install/pioneer_robot' for CMake config files
[1.032s] Level 1:colcon.colcon_core.environment:checking '/workspace/AUTO4508-Team-2/install/pioneer_robot/lib'
[1.032s] Level 1:colcon.colcon_core.environment:checking '/workspace/AUTO4508-Team-2/install/pioneer_robot/bin'
[1.032s] Level 1:colcon.colcon_core.environment:checking '/workspace/AUTO4508-Team-2/install/pioneer_robot/lib/pkgconfig/pioneer_robot.pc'
[1.033s] Level 1:colcon.colcon_core.environment:checking '/workspace/AUTO4508-Team-2/install/pioneer_robot/lib/python3.12/site-packages'
[1.033s] Level 1:colcon.colcon_core.shell:create_environment_hook('pioneer_robot', 'pythonpath')
[1.033s] INFO:colcon.colcon_core.shell:Creating environment hook '/workspace/AUTO4508-Team-2/install/pioneer_robot/share/pioneer_robot/hook/pythonpath.ps1'
[1.033s] INFO:colcon.colcon_core.shell:Creating environment descriptor '/workspace/AUTO4508-Team-2/install/pioneer_robot/share/pioneer_robot/hook/pythonpath.dsv'
[1.033s] INFO:colcon.colcon_core.shell:Creating environment hook '/workspace/AUTO4508-Team-2/install/pioneer_robot/share/pioneer_robot/hook/pythonpath.sh'
[1.034s] Level 1:colcon.colcon_core.environment:checking '/workspace/AUTO4508-Team-2/install/pioneer_robot/bin'
[1.034s] Level 1:colcon.colcon_core.environment:create_environment_scripts_only(pioneer_robot)
[1.034s] INFO:colcon.colcon_core.shell:Creating package script '/workspace/AUTO4508-Team-2/install/pioneer_robot/share/pioneer_robot/package.ps1'
[1.034s] INFO:colcon.colcon_core.shell:Creating package descriptor '/workspace/AUTO4508-Team-2/install/pioneer_robot/share/pioneer_robot/package.dsv'
[1.034s] INFO:colcon.colcon_core.shell:Creating package script '/workspace/AUTO4508-Team-2/install/pioneer_robot/share/pioneer_robot/package.sh'
[1.035s] INFO:colcon.colcon_core.shell:Creating package script '/workspace/AUTO4508-Team-2/install/pioneer_robot/share/pioneer_robot/package.bash'
[1.035s] INFO:colcon.colcon_core.shell:Creating package script '/workspace/AUTO4508-Team-2/install/pioneer_robot/share/pioneer_robot/package.zsh'
[1.035s] Level 1:colcon.colcon_core.environment:create_file_with_runtime_dependencies(/workspace/AUTO4508-Team-2/install/pioneer_robot/share/colcon-core/packages/pioneer_robot)
[1.035s] DEBUG:colcon.colcon_parallel_executor.executor.parallel:closing loop
[1.035s] DEBUG:colcon.colcon_parallel_executor.executor.parallel:loop closed
[1.035s] DEBUG:colcon.colcon_parallel_executor.executor.parallel:run_until_complete finished with '0'
[1.035s] DEBUG:colcon.colcon_core.event_reactor:joining thread
[1.045s] INFO:colcon.colcon_core.plugin_system:Skipping extension 'colcon_notification.desktop_notification.notify_send': Could not find 'notify-send'
[1.045s] INFO:colcon.colcon_core.plugin_system:Skipping extension 'colcon_notification.desktop_notification.terminal_notifier': Not used on non-Darwin systems
[1.045s] INFO:colcon.colcon_core.plugin_system:Skipping extension 'colcon_notification.desktop_notification.win32': Not used on non-Windows systems
[1.045s] INFO:colcon.colcon_notification.desktop_notification:Sending desktop notification using 'notify2'
[1.045s] DEBUG:colcon.colcon_notification.desktop_notification.notify2:Failed to initialize notify2: org.freedesktop.DBus.Error.NotSupported: Unable to autolaunch a dbus-daemon without a $DISPLAY for X11
[1.046s] DEBUG:colcon.colcon_core.event_reactor:joined thread
[1.046s] INFO:colcon.colcon_core.shell:Creating prefix script '/workspace/AUTO4508-Team-2/install/local_setup.ps1'
[1.046s] INFO:colcon.colcon_core.shell:Creating prefix util module '/workspace/AUTO4508-Team-2/install/_local_setup_util_ps1.py'
[1.047s] INFO:colcon.colcon_core.shell:Creating prefix chain script '/workspace/AUTO4508-Team-2/install/setup.ps1'
[1.048s] INFO:colcon.colcon_core.shell:Creating prefix script '/workspace/AUTO4508-Team-2/install/local_setup.sh'
[1.048s] INFO:colcon.colcon_core.shell:Creating prefix util module '/workspace/AUTO4508-Team-2/install/_local_setup_util_sh.py'
[1.049s] INFO:colcon.colcon_core.shell:Creating prefix chain script '/workspace/AUTO4508-Team-2/install/setup.sh'
[1.049s] INFO:colcon.colcon_core.shell:Creating prefix script '/workspace/AUTO4508-Team-2/install/local_setup.bash'
[1.050s] INFO:colcon.colcon_core.shell:Creating prefix chain script '/workspace/AUTO4508-Team-2/install/setup.bash'
[1.050s] INFO:colcon.colcon_core.shell:Creating prefix script '/workspace/AUTO4508-Team-2/install/local_setup.zsh'
[1.050s] INFO:colcon.colcon_core.shell:Creating prefix chain script '/workspace/AUTO4508-Team-2/install/setup.zsh'
