[0.076s] DEBUG:colcon:Command line arguments: ['/usr/bin/colcon', 'build', '--packages-select', 'ariaNode', 'pioneer_robot']
[0.076s] DEBUG:colcon:Parsed command line arguments: Namespace(log_base=None, log_level=None, verb_name='build', build_base='build', install_base='install', merge_install=False, symlink_install=False, test_result_base=None, continue_on_error=False, executor='parallel', parallel_workers=8, event_handlers=None, ignore_user_meta=False, metas=['./colcon.meta'], base_paths=['.'], packages_ignore=None, packages_ignore_regex=None, paths=None, packages_up_to=None, packages_up_to_regex=None, packages_above=None, packages_above_and_dependencies=None, packages_above_depth=None, packages_select_by_dep=None, packages_skip_by_dep=None, packages_skip_up_to=None, packages_select_build_failed=False, packages_skip_build_finished=False, packages_select_test_failures=False, packages_skip_test_passed=False, packages_select=['ariaNode', 'pioneer_robot'], packages_skip=None, packages_select_regex=None, packages_skip_regex=None, packages_start=None, packages_end=None, cmake_args=None, cmake_target=None, cmake_target_skip_unavailable=False, cmake_clean_cache=False, cmake_clean_first=False, cmake_force_configure=False, ament_cmake_args=None, catkin_cmake_args=None, catkin_skip_building_tests=False, mixin_files=None, mixin=None, verb_parser=<colcon_mixin.mixin.mixin_argument.MixinArgumentDecorator object at 0x7810ba2d3b90>, verb_extension=<colcon_core.verb.build.BuildVerb object at 0x7810ba445280>, main=<bound method BuildVerb.main of <colcon_core.verb.build.BuildVerb object at 0x7810ba445280>>, mixin_verb=('build',))
[0.105s] Level 1:colcon.colcon_core.package_discovery:discover_packages(colcon_meta) check parameters
[0.106s] INFO:colcon.colcon_metadata.package_discovery.colcon_meta:Using configuration from '/root/.colcon/metadata/default/Gazebo.meta'
[0.106s] INFO:colcon.colcon_metadata.package_discovery.colcon_meta:Using configuration from '/root/.colcon/metadata/default/fastdds.meta'
[0.106s] INFO:colcon.colcon_metadata.package_discovery.colcon_meta:Using configuration from '/root/.colcon/metadata/default/fastrtps.meta'
[0.106s] Level 1:colcon.colcon_core.package_discovery:discover_packages(recursive) check parameters
[0.106s] Level 1:colcon.colcon_core.package_discovery:discover_packages(ignore) check parameters
[0.106s] Level 1:colcon.colcon_core.package_discovery:discover_packages(path) check parameters
[0.106s] Level 1:colcon.colcon_core.package_discovery:discover_packages(colcon_meta) discover
[0.106s] Level 1:colcon.colcon_core.package_discovery:discover_packages(recursive) discover
[0.107s] INFO:colcon.colcon_core.package_discovery:Crawling recursively for packages in '/workspace'
[0.107s] Level 1:colcon.colcon_core.package_identification:_identify(.) by extensions ['ignore', 'ignore_ament_install']
[0.107s] Level 1:colcon.colcon_core.package_identification:_identify(.) by extension 'ignore'
[0.107s] Level 1:colcon.colcon_core.package_identification:_identify(.) by extension 'ignore_ament_install'
[0.107s] Level 1:colcon.colcon_core.package_identification:_identify(.) by extensions ['colcon_pkg']
[0.107s] Level 1:colcon.colcon_core.package_identification:_identify(.) by extension 'colcon_pkg'
[0.107s] Level 1:colcon.colcon_core.package_identification:_identify(.) by extensions ['colcon_meta']
[0.107s] Level 1:colcon.colcon_core.package_identification:_identify(.) by extension 'colcon_meta'
[0.107s] Level 1:colcon.colcon_core.package_identification:_identify(.) by extensions ['ros']
[0.107s] Level 1:colcon.colcon_core.package_identification:_identify(.) by extension 'ros'
[0.125s] Level 1:colcon.colcon_core.package_identification:_identify(.) by extensions ['cmake', 'python']
[0.125s] Level 1:colcon.colcon_core.package_identification:_identify(.) by extension 'cmake'
[0.125s] Level 1:colcon.colcon_core.package_identification:_identify(.) by extension 'python'
[0.125s] Level 1:colcon.colcon_core.package_identification:_identify(.) by extensions ['python_setup_py']
[0.125s] Level 1:colcon.colcon_core.package_identification:_identify(.) by extension 'python_setup_py'
[0.125s] Level 1:colcon.colcon_core.package_identification:_identify(build) by extensions ['ignore', 'ignore_ament_install']
[0.126s] Level 1:colcon.colcon_core.package_identification:_identify(build) by extension 'ignore'
[0.126s] Level 1:colcon.colcon_core.package_identification:_identify(build) ignored
[0.126s] Level 1:colcon.colcon_core.package_identification:_identify(cone_photos) by extensions ['ignore', 'ignore_ament_install']
[0.126s] Level 1:colcon.colcon_core.package_identification:_identify(cone_photos) by extension 'ignore'
[0.126s] Level 1:colcon.colcon_core.package_identification:_identify(cone_photos) by extension 'ignore_ament_install'
[0.126s] Level 1:colcon.colcon_core.package_identification:_identify(cone_photos) by extensions ['colcon_pkg']
[0.126s] Level 1:colcon.colcon_core.package_identification:_identify(cone_photos) by extension 'colcon_pkg'
[0.126s] Level 1:colcon.colcon_core.package_identification:_identify(cone_photos) by extensions ['colcon_meta']
[0.126s] Level 1:colcon.colcon_core.package_identification:_identify(cone_photos) by extension 'colcon_meta'
[0.126s] Level 1:colcon.colcon_core.package_identification:_identify(cone_photos) by extensions ['ros']
[0.126s] Level 1:colcon.colcon_core.package_identification:_identify(cone_photos) by extension 'ros'
[0.126s] Level 1:colcon.colcon_core.package_identification:_identify(cone_photos) by extensions ['cmake', 'python']
[0.126s] Level 1:colcon.colcon_core.package_identification:_identify(cone_photos) by extension 'cmake'
[0.126s] Level 1:colcon.colcon_core.package_identification:_identify(cone_photos) by extension 'python'
[0.126s] Level 1:colcon.colcon_core.package_identification:_identify(cone_photos) by extensions ['python_setup_py']
[0.126s] Level 1:colcon.colcon_core.package_identification:_identify(cone_photos) by extension 'python_setup_py'
[0.126s] Level 1:colcon.colcon_core.package_identification:_identify(install) by extensions ['ignore', 'ignore_ament_install']
[0.126s] Level 1:colcon.colcon_core.package_identification:_identify(install) by extension 'ignore'
[0.126s] Level 1:colcon.colcon_core.package_identification:_identify(install) ignored
[0.126s] Level 1:colcon.colcon_core.package_identification:_identify(log) by extensions ['ignore', 'ignore_ament_install']
[0.126s] Level 1:colcon.colcon_core.package_identification:_identify(log) by extension 'ignore'
[0.126s] Level 1:colcon.colcon_core.package_identification:_identify(log) ignored
[0.126s] Level 1:colcon.colcon_core.package_identification:_identify(src) by extensions ['ignore', 'ignore_ament_install']
[0.127s] Level 1:colcon.colcon_core.package_identification:_identify(src) by extension 'ignore'
[0.127s] Level 1:colcon.colcon_core.package_identification:_identify(src) by extension 'ignore_ament_install'
[0.127s] Level 1:colcon.colcon_core.package_identification:_identify(src) by extensions ['colcon_pkg']
[0.127s] Level 1:colcon.colcon_core.package_identification:_identify(src) by extension 'colcon_pkg'
[0.127s] Level 1:colcon.colcon_core.package_identification:_identify(src) by extensions ['colcon_meta']
[0.127s] Level 1:colcon.colcon_core.package_identification:_identify(src) by extension 'colcon_meta'
[0.127s] Level 1:colcon.colcon_core.package_identification:_identify(src) by extensions ['ros']
[0.127s] Level 1:colcon.colcon_core.package_identification:_identify(src) by extension 'ros'
[0.127s] Level 1:colcon.colcon_core.package_identification:_identify(src) by extensions ['cmake', 'python']
[0.127s] Level 1:colcon.colcon_core.package_identification:_identify(src) by extension 'cmake'
[0.127s] Level 1:colcon.colcon_core.package_identification:_identify(src) by extension 'python'
[0.127s] Level 1:colcon.colcon_core.package_identification:_identify(src) by extensions ['python_setup_py']
[0.127s] Level 1:colcon.colcon_core.package_identification:_identify(src) by extension 'python_setup_py'
[0.127s] Level 1:colcon.colcon_core.package_identification:_identify(src/ariaNode) by extensions ['ignore', 'ignore_ament_install']
[0.127s] Level 1:colcon.colcon_core.package_identification:_identify(src/ariaNode) by extension 'ignore'
[0.127s] Level 1:colcon.colcon_core.package_identification:_identify(src/ariaNode) by extension 'ignore_ament_install'
[0.127s] Level 1:colcon.colcon_core.package_identification:_identify(src/ariaNode) by extensions ['colcon_pkg']
[0.127s] Level 1:colcon.colcon_core.package_identification:_identify(src/ariaNode) by extension 'colcon_pkg'
[0.127s] Level 1:colcon.colcon_core.package_identification:_identify(src/ariaNode) by extensions ['colcon_meta']
[0.127s] Level 1:colcon.colcon_core.package_identification:_identify(src/ariaNode) by extension 'colcon_meta'
[0.127s] Level 1:colcon.colcon_core.package_identification:_identify(src/ariaNode) by extensions ['ros']
[0.127s] Level 1:colcon.colcon_core.package_identification:_identify(src/ariaNode) by extension 'ros'
[0.129s] DEBUG:colcon.colcon_core.package_identification:Package 'src/ariaNode' with type 'ros.ament_cmake' and name 'ariaNode'
[0.129s] Level 1:colcon.colcon_core.package_identification:_identify(src/pioneer_robot) by extensions ['ignore', 'ignore_ament_install']
[0.129s] Level 1:colcon.colcon_core.package_identification:_identify(src/pioneer_robot) by extension 'ignore'
[0.129s] Level 1:colcon.colcon_core.package_identification:_identify(src/pioneer_robot) by extension 'ignore_ament_install'
[0.130s] Level 1:colcon.colcon_core.package_identification:_identify(src/pioneer_robot) by extensions ['colcon_pkg']
[0.130s] Level 1:colcon.colcon_core.package_identification:_identify(src/pioneer_robot) by extension 'colcon_pkg'
[0.130s] Level 1:colcon.colcon_core.package_identification:_identify(src/pioneer_robot) by extensions ['colcon_meta']
[0.130s] Level 1:colcon.colcon_core.package_identification:_identify(src/pioneer_robot) by extension 'colcon_meta'
[0.130s] Level 1:colcon.colcon_core.package_identification:_identify(src/pioneer_robot) by extensions ['ros']
[0.130s] Level 1:colcon.colcon_core.package_identification:_identify(src/pioneer_robot) by extension 'ros'
[0.130s] DEBUG:colcon.colcon_core.package_identification:Package 'src/pioneer_robot' with type 'ros.ament_python' and name 'pioneer_robot'
[0.130s] Level 1:colcon.colcon_core.package_discovery:discover_packages(recursive) using defaults
[0.130s] Level 1:colcon.colcon_core.package_discovery:discover_packages(ignore) discover
[0.130s] Level 1:colcon.colcon_core.package_discovery:discover_packages(ignore) using defaults
[0.130s] Level 1:colcon.colcon_core.package_discovery:discover_packages(path) discover
[0.130s] Level 1:colcon.colcon_core.package_discovery:discover_packages(path) using defaults
[0.143s] Level 5:colcon.colcon_core.verb:set package 'ariaNode' build argument 'cmake_args' from command line to 'None'
[0.143s] Level 5:colcon.colcon_core.verb:set package 'ariaNode' build argument 'cmake_target' from command line to 'None'
[0.143s] Level 5:colcon.colcon_core.verb:set package 'ariaNode' build argument 'cmake_target_skip_unavailable' from command line to 'False'
[0.143s] Level 5:colcon.colcon_core.verb:set package 'ariaNode' build argument 'cmake_clean_cache' from command line to 'False'
[0.143s] Level 5:colcon.colcon_core.verb:set package 'ariaNode' build argument 'cmake_clean_first' from command line to 'False'
[0.143s] Level 5:colcon.colcon_core.verb:set package 'ariaNode' build argument 'cmake_force_configure' from command line to 'False'
[0.143s] Level 5:colcon.colcon_core.verb:set package 'ariaNode' build argument 'ament_cmake_args' from command line to 'None'
[0.143s] Level 5:colcon.colcon_core.verb:set package 'ariaNode' build argument 'catkin_cmake_args' from command line to 'None'
[0.143s] Level 5:colcon.colcon_core.verb:set package 'ariaNode' build argument 'catkin_skip_building_tests' from command line to 'False'
[0.143s] DEBUG:colcon.colcon_core.verb:Building package 'ariaNode' with the following arguments: {'ament_cmake_args': None, 'build_base': '/workspace/build/ariaNode', 'catkin_cmake_args': None, 'catkin_skip_building_tests': False, 'cmake_args': None, 'cmake_clean_cache': False, 'cmake_clean_first': False, 'cmake_force_configure': False, 'cmake_target': None, 'cmake_target_skip_unavailable': False, 'install_base': '/workspace/install/ariaNode', 'merge_install': False, 'path': '/workspace/src/ariaNode', 'symlink_install': False, 'test_result_base': None}
[0.143s] Level 5:colcon.colcon_core.verb:set package 'pioneer_robot' build argument 'cmake_args' from command line to 'None'
[0.143s] Level 5:colcon.colcon_core.verb:set package 'pioneer_robot' build argument 'cmake_target' from command line to 'None'
[0.143s] Level 5:colcon.colcon_core.verb:set package 'pioneer_robot' build argument 'cmake_target_skip_unavailable' from command line to 'False'
[0.143s] Level 5:colcon.colcon_core.verb:set package 'pioneer_robot' build argument 'cmake_clean_cache' from command line to 'False'
[0.143s] Level 5:colcon.colcon_core.verb:set package 'pioneer_robot' build argument 'cmake_clean_first' from command line to 'False'
[0.143s] Level 5:colcon.colcon_core.verb:set package 'pioneer_robot' build argument 'cmake_force_configure' from command line to 'False'
[0.143s] Level 5:colcon.colcon_core.verb:set package 'pioneer_robot' build argument 'ament_cmake_args' from command line to 'None'
[0.143s] Level 5:colcon.colcon_core.verb:set package 'pioneer_robot' build argument 'catkin_cmake_args' from command line to 'None'
[0.143s] Level 5:colcon.colcon_core.verb:set package 'pioneer_robot' build argument 'catkin_skip_building_tests' from command line to 'False'
[0.143s] DEBUG:colcon.colcon_core.verb:Building package 'pioneer_robot' with the following arguments: {'ament_cmake_args': None, 'build_base': '/workspace/build/pioneer_robot', 'catkin_cmake_args': None, 'catkin_skip_building_tests': False, 'cmake_args': None, 'cmake_clean_cache': False, 'cmake_clean_first': False, 'cmake_force_configure': False, 'cmake_target': None, 'cmake_target_skip_unavailable': False, 'install_base': '/workspace/install/pioneer_robot', 'merge_install': False, 'path': '/workspace/src/pioneer_robot', 'symlink_install': False, 'test_result_base': None}
[0.143s] INFO:colcon.colcon_core.executor:Executing jobs using 'parallel' executor
[0.144s] DEBUG:colcon.colcon_parallel_executor.executor.parallel:run_until_complete
[0.144s] INFO:colcon.colcon_ros.task.ament_cmake.build:Building ROS package in '/workspace/src/ariaNode' with build type 'ament_cmake'
[0.145s] INFO:colcon.colcon_cmake.task.cmake.build:Building CMake package in '/workspace/src/ariaNode'
[0.146s] INFO:colcon.colcon_core.plugin_system:Skipping extension 'colcon_core.shell.bat': Not used on non-Windows systems
[0.146s] INFO:colcon.colcon_core.shell:Skip shell extension 'powershell' for command environment: Not usable outside of PowerShell
[0.146s] DEBUG:colcon.colcon_core.shell:Skip shell extension 'dsv' for command environment
[0.149s] INFO:colcon.colcon_ros.task.ament_python.build:Building ROS package in '/workspace/src/pioneer_robot' with build type 'ament_python'
[0.149s] Level 1:colcon.colcon_core.shell:create_environment_hook('pioneer_robot', 'ament_prefix_path')
[0.150s] INFO:colcon.colcon_core.shell:Creating environment hook '/workspace/install/pioneer_robot/share/pioneer_robot/hook/ament_prefix_path.ps1'
[0.150s] INFO:colcon.colcon_core.shell:Creating environment descriptor '/workspace/install/pioneer_robot/share/pioneer_robot/hook/ament_prefix_path.dsv'
[0.150s] INFO:colcon.colcon_core.shell:Creating environment hook '/workspace/install/pioneer_robot/share/pioneer_robot/hook/ament_prefix_path.sh'
[0.151s] INFO:colcon.colcon_core.shell:Skip shell extension 'powershell' for command environment: Not usable outside of PowerShell
[0.151s] DEBUG:colcon.colcon_core.shell:Skip shell extension 'dsv' for command environment
[0.156s] DEBUG:colcon.colcon_core.event_handler.log_command:Invoking command in '/workspace/build/ariaNode': CMAKE_PREFIX_PATH=${CMAKE_PREFIX_PATH}:/workspace/install/pioneer_robot:/opt/ros/jazzy /usr/bin/cmake --build /workspace/build/ariaNode -- -j8 -l8
[0.291s] INFO:colcon.colcon_core.task.python.build:Building Python package in '/workspace/src/pioneer_robot'
[0.291s] INFO:colcon.colcon_core.shell:Skip shell extension 'powershell' for command environment: Not usable outside of PowerShell
[0.291s] DEBUG:colcon.colcon_core.shell:Skip shell extension 'dsv' for command environment
[0.668s] DEBUG:colcon.colcon_core.event_handler.log_command:Invoking command in '/workspace/src/pioneer_robot': PYTHONPATH=/workspace/build/pioneer_robot/prefix_override:/usr/lib/python3/dist-packages/colcon_core/task/python/colcon_distutils_commands:/workspace/install/pioneer_robot/lib/python3.12/site-packages:${PYTHONPATH} /usr/bin/python3 -W ignore:setup.py install is deprecated -W ignore:easy_install command is deprecated setup.py egg_info --egg-base ../../build/pioneer_robot build --build-base /workspace/build/pioneer_robot/build install --record /workspace/build/pioneer_robot/install.log --single-version-externally-managed install_data
[1.016s] DEBUG:colcon.colcon_core.event_handler.log_command:Invoked command in '/workspace/src/pioneer_robot' returned '0': PYTHONPATH=/workspace/build/pioneer_robot/prefix_override:/usr/lib/python3/dist-packages/colcon_core/task/python/colcon_distutils_commands:/workspace/install/pioneer_robot/lib/python3.12/site-packages:${PYTHONPATH} /usr/bin/python3 -W ignore:setup.py install is deprecated -W ignore:easy_install command is deprecated setup.py egg_info --egg-base ../../build/pioneer_robot build --build-base /workspace/build/pioneer_robot/build install --record /workspace/build/pioneer_robot/install.log --single-version-externally-managed install_data
[1.018s] Level 1:colcon.colcon_core.environment:checking '/workspace/install/pioneer_robot' for CMake module files
[1.019s] Level 1:colcon.colcon_core.environment:checking '/workspace/install/pioneer_robot' for CMake config files
[1.019s] Level 1:colcon.colcon_core.environment:checking '/workspace/install/pioneer_robot/lib'
[1.019s] Level 1:colcon.colcon_core.environment:checking '/workspace/install/pioneer_robot/bin'
[1.019s] Level 1:colcon.colcon_core.environment:checking '/workspace/install/pioneer_robot/lib/pkgconfig/pioneer_robot.pc'
[1.020s] Level 1:colcon.colcon_core.environment:checking '/workspace/install/pioneer_robot/lib/python3.12/site-packages'
[1.020s] Level 1:colcon.colcon_core.shell:create_environment_hook('pioneer_robot', 'pythonpath')
[1.020s] INFO:colcon.colcon_core.shell:Creating environment hook '/workspace/install/pioneer_robot/share/pioneer_robot/hook/pythonpath.ps1'
[1.021s] INFO:colcon.colcon_core.shell:Creating environment descriptor '/workspace/install/pioneer_robot/share/pioneer_robot/hook/pythonpath.dsv'
[1.021s] INFO:colcon.colcon_core.shell:Creating environment hook '/workspace/install/pioneer_robot/share/pioneer_robot/hook/pythonpath.sh'
[1.021s] Level 1:colcon.colcon_core.environment:checking '/workspace/install/pioneer_robot/bin'
[1.022s] Level 1:colcon.colcon_core.environment:create_environment_scripts_only(pioneer_robot)
[1.022s] INFO:colcon.colcon_core.shell:Creating package script '/workspace/install/pioneer_robot/share/pioneer_robot/package.ps1'
[1.023s] INFO:colcon.colcon_core.shell:Creating package descriptor '/workspace/install/pioneer_robot/share/pioneer_robot/package.dsv'
[1.023s] INFO:colcon.colcon_core.shell:Creating package script '/workspace/install/pioneer_robot/share/pioneer_robot/package.sh'
[1.024s] INFO:colcon.colcon_core.shell:Creating package script '/workspace/install/pioneer_robot/share/pioneer_robot/package.bash'
[1.024s] INFO:colcon.colcon_core.shell:Creating package script '/workspace/install/pioneer_robot/share/pioneer_robot/package.zsh'
[1.025s] Level 1:colcon.colcon_core.environment:create_file_with_runtime_dependencies(/workspace/install/pioneer_robot/share/colcon-core/packages/pioneer_robot)
[7.186s] DEBUG:colcon.colcon_core.event_handler.log_command:Invoked command in '/workspace/build/ariaNode' returned '0': CMAKE_PREFIX_PATH=${CMAKE_PREFIX_PATH}:/workspace/install/pioneer_robot:/opt/ros/jazzy /usr/bin/cmake --build /workspace/build/ariaNode -- -j8 -l8
[7.193s] DEBUG:colcon.colcon_core.event_handler.log_command:Invoking command in '/workspace/build/ariaNode': CMAKE_PREFIX_PATH=${CMAKE_PREFIX_PATH}:/workspace/install/pioneer_robot:/opt/ros/jazzy /usr/bin/cmake --install /workspace/build/ariaNode
[7.202s] Level 1:colcon.colcon_core.environment:create_environment_scripts_only(ariaNode)
[7.202s] Level 1:colcon.colcon_core.environment:checking '/workspace/install/ariaNode' for CMake module files
[7.202s] DEBUG:colcon.colcon_core.event_handler.log_command:Invoked command in '/workspace/build/ariaNode' returned '0': CMAKE_PREFIX_PATH=${CMAKE_PREFIX_PATH}:/workspace/install/pioneer_robot:/opt/ros/jazzy /usr/bin/cmake --install /workspace/build/ariaNode
[7.203s] Level 1:colcon.colcon_core.environment:checking '/workspace/install/ariaNode' for CMake config files
[7.203s] Level 1:colcon.colcon_core.shell:create_environment_hook('ariaNode', 'cmake_prefix_path')
[7.203s] INFO:colcon.colcon_core.shell:Creating environment hook '/workspace/install/ariaNode/share/ariaNode/hook/cmake_prefix_path.ps1'
[7.204s] INFO:colcon.colcon_core.shell:Creating environment descriptor '/workspace/install/ariaNode/share/ariaNode/hook/cmake_prefix_path.dsv'
[7.204s] INFO:colcon.colcon_core.shell:Creating environment hook '/workspace/install/ariaNode/share/ariaNode/hook/cmake_prefix_path.sh'
[7.205s] Level 1:colcon.colcon_core.environment:checking '/workspace/install/ariaNode/lib'
[7.205s] Level 1:colcon.colcon_core.environment:checking '/workspace/install/ariaNode/bin'
[7.205s] Level 1:colcon.colcon_core.environment:checking '/workspace/install/ariaNode/lib/pkgconfig/ariaNode.pc'
[7.205s] Level 1:colcon.colcon_core.environment:checking '/workspace/install/ariaNode/lib/python3.12/site-packages'
[7.205s] Level 1:colcon.colcon_core.environment:checking '/workspace/install/ariaNode/bin'
[7.206s] INFO:colcon.colcon_core.shell:Creating package script '/workspace/install/ariaNode/share/ariaNode/package.ps1'
[7.206s] INFO:colcon.colcon_core.shell:Creating package descriptor '/workspace/install/ariaNode/share/ariaNode/package.dsv'
[7.206s] INFO:colcon.colcon_core.shell:Creating package script '/workspace/install/ariaNode/share/ariaNode/package.sh'
[7.207s] INFO:colcon.colcon_core.shell:Creating package script '/workspace/install/ariaNode/share/ariaNode/package.bash'
[7.207s] INFO:colcon.colcon_core.shell:Creating package script '/workspace/install/ariaNode/share/ariaNode/package.zsh'
[7.207s] Level 1:colcon.colcon_core.environment:create_file_with_runtime_dependencies(/workspace/install/ariaNode/share/colcon-core/packages/ariaNode)
[7.208s] Level 1:colcon.colcon_core.environment:create_environment_scripts_only(ariaNode)
[7.208s] Level 1:colcon.colcon_core.environment:checking '/workspace/install/ariaNode' for CMake module files
[7.208s] Level 1:colcon.colcon_core.environment:checking '/workspace/install/ariaNode' for CMake config files
[7.208s] Level 1:colcon.colcon_core.shell:create_environment_hook('ariaNode', 'cmake_prefix_path')
[7.208s] INFO:colcon.colcon_core.shell:Creating environment hook '/workspace/install/ariaNode/share/ariaNode/hook/cmake_prefix_path.ps1'
[7.209s] INFO:colcon.colcon_core.shell:Creating environment descriptor '/workspace/install/ariaNode/share/ariaNode/hook/cmake_prefix_path.dsv'
[7.209s] INFO:colcon.colcon_core.shell:Creating environment hook '/workspace/install/ariaNode/share/ariaNode/hook/cmake_prefix_path.sh'
[7.209s] Level 1:colcon.colcon_core.environment:checking '/workspace/install/ariaNode/lib'
[7.209s] Level 1:colcon.colcon_core.environment:checking '/workspace/install/ariaNode/bin'
[7.209s] Level 1:colcon.colcon_core.environment:checking '/workspace/install/ariaNode/lib/pkgconfig/ariaNode.pc'
[7.210s] Level 1:colcon.colcon_core.environment:checking '/workspace/install/ariaNode/lib/python3.12/site-packages'
[7.210s] Level 1:colcon.colcon_core.environment:checking '/workspace/install/ariaNode/bin'
[7.210s] INFO:colcon.colcon_core.shell:Creating package script '/workspace/install/ariaNode/share/ariaNode/package.ps1'
[7.210s] INFO:colcon.colcon_core.shell:Creating package descriptor '/workspace/install/ariaNode/share/ariaNode/package.dsv'
[7.211s] INFO:colcon.colcon_core.shell:Creating package script '/workspace/install/ariaNode/share/ariaNode/package.sh'
[7.211s] INFO:colcon.colcon_core.shell:Creating package script '/workspace/install/ariaNode/share/ariaNode/package.bash'
[7.211s] INFO:colcon.colcon_core.shell:Creating package script '/workspace/install/ariaNode/share/ariaNode/package.zsh'
[7.212s] Level 1:colcon.colcon_core.environment:create_file_with_runtime_dependencies(/workspace/install/ariaNode/share/colcon-core/packages/ariaNode)
[7.212s] DEBUG:colcon.colcon_parallel_executor.executor.parallel:closing loop
[7.212s] DEBUG:colcon.colcon_parallel_executor.executor.parallel:loop closed
[7.212s] DEBUG:colcon.colcon_parallel_executor.executor.parallel:run_until_complete finished with '0'
[7.212s] DEBUG:colcon.colcon_core.event_reactor:joining thread
[7.216s] INFO:colcon.colcon_core.plugin_system:Skipping extension 'colcon_notification.desktop_notification.notify_send': Could not find 'notify-send'
[7.216s] INFO:colcon.colcon_core.plugin_system:Skipping extension 'colcon_notification.desktop_notification.terminal_notifier': Not used on non-Darwin systems
[7.216s] INFO:colcon.colcon_core.plugin_system:Skipping extension 'colcon_notification.desktop_notification.win32': Not used on non-Windows systems
[7.216s] INFO:colcon.colcon_notification.desktop_notification:Sending desktop notification using 'notify2'
[7.216s] DEBUG:colcon.colcon_notification.desktop_notification.notify2:Failed to initialize notify2: org.freedesktop.DBus.Error.NotSupported: Unable to autolaunch a dbus-daemon without a $DISPLAY for X11
[7.216s] DEBUG:colcon.colcon_core.event_reactor:joined thread
[7.216s] INFO:colcon.colcon_core.shell:Creating prefix script '/workspace/install/local_setup.ps1'
[7.217s] INFO:colcon.colcon_core.shell:Creating prefix util module '/workspace/install/_local_setup_util_ps1.py'
[7.218s] INFO:colcon.colcon_core.shell:Creating prefix chain script '/workspace/install/setup.ps1'
[7.219s] INFO:colcon.colcon_core.shell:Creating prefix script '/workspace/install/local_setup.sh'
[7.219s] INFO:colcon.colcon_core.shell:Creating prefix util module '/workspace/install/_local_setup_util_sh.py'
[7.220s] INFO:colcon.colcon_core.shell:Creating prefix chain script '/workspace/install/setup.sh'
[7.221s] INFO:colcon.colcon_core.shell:Creating prefix script '/workspace/install/local_setup.bash'
[7.221s] INFO:colcon.colcon_core.shell:Creating prefix chain script '/workspace/install/setup.bash'
[7.222s] INFO:colcon.colcon_core.shell:Creating prefix script '/workspace/install/local_setup.zsh'
[7.223s] INFO:colcon.colcon_core.shell:Creating prefix chain script '/workspace/install/setup.zsh'
