[0.010s] Invoking command in '/workspace/AUTO4508-Team-2/build/ariaNode': CMAKE_PREFIX_PATH=${CMAKE_PREFIX_PATH}:/workspace/AUTO4508-Team-2/install/pioneer_robot:/opt/ros/jazzy /usr/bin/cmake --build /workspace/AUTO4508-Team-2/build/ariaNode -- -j8 -l8
[0.060s] [100%] Built target ariaNode
[0.144s] Invoked command in '/workspace/AUTO4508-Team-2/build/ariaNode' returned '0': CMAKE_PREFIX_PATH=${CMAKE_PREFIX_PATH}:/workspace/AUTO4508-Team-2/install/pioneer_robot:/opt/ros/jazzy /usr/bin/cmake --build /workspace/AUTO4508-Team-2/build/ariaNode -- -j8 -l8
[0.151s] Invoking command in '/workspace/AUTO4508-Team-2/build/ariaNode': CMAKE_PREFIX_PATH=${CMAKE_PREFIX_PATH}:/workspace/AUTO4508-Team-2/install/pioneer_robot:/opt/ros/jazzy /usr/bin/cmake --install /workspace/AUTO4508-Team-2/build/ariaNode
[0.156s] -- Install configuration: ""
[0.156s] -- Up-to-date: /workspace/AUTO4508-Team-2/install/ariaNode/lib/ariaNode/ariaNode
[0.156s] -- Up-to-date: /workspace/AUTO4508-Team-2/install/ariaNode/share/ament_index/resource_index/package_run_dependencies/ariaNode
[0.157s] -- Up-to-date: /workspace/AUTO4508-Team-2/install/ariaNode/share/ament_index/resource_index/parent_prefix_path/ariaNode
[0.157s] -- Up-to-date: /workspace/AUTO4508-Team-2/install/ariaNode/share/ariaNode/environment/ament_prefix_path.sh
[0.157s] -- Up-to-date: /workspace/AUTO4508-Team-2/install/ariaNode/share/ariaNode/environment/ament_prefix_path.dsv
[0.157s] -- Up-to-date: /workspace/AUTO4508-Team-2/install/ariaNode/share/ariaNode/environment/path.sh
[0.157s] -- Up-to-date: /workspace/AUTO4508-Team-2/install/ariaNode/share/ariaNode/environment/path.dsv
[0.157s] -- Up-to-date: /workspace/AUTO4508-Team-2/install/ariaNode/share/ariaNode/local_setup.bash
[0.157s] -- Up-to-date: /workspace/AUTO4508-Team-2/install/ariaNode/share/ariaNode/local_setup.sh
[0.157s] -- Up-to-date: /workspace/AUTO4508-Team-2/install/ariaNode/share/ariaNode/local_setup.zsh
[0.157s] -- Up-to-date: /workspace/AUTO4508-Team-2/install/ariaNode/share/ariaNode/local_setup.dsv
[0.157s] -- Installing: /workspace/AUTO4508-Team-2/install/ariaNode/share/ariaNode/package.dsv
[0.157s] -- Up-to-date: /workspace/AUTO4508-Team-2/install/ariaNode/share/ament_index/resource_index/packages/ariaNode
[0.157s] -- Up-to-date: /workspace/AUTO4508-Team-2/install/ariaNode/share/ariaNode/cmake/ariaNodeConfig.cmake
[0.157s] -- Up-to-date: /workspace/AUTO4508-Team-2/install/ariaNode/share/ariaNode/cmake/ariaNodeConfig-version.cmake
[0.157s] -- Up-to-date: /workspace/AUTO4508-Team-2/install/ariaNode/share/ariaNode/package.xml
[0.158s] Invoked command in '/workspace/AUTO4508-Team-2/build/ariaNode' returned '0': CMAKE_PREFIX_PATH=${CMAKE_PREFIX_PATH}:/workspace/AUTO4508-Team-2/install/pioneer_robot:/opt/ros/jazzy /usr/bin/cmake --install /workspace/AUTO4508-Team-2/build/ariaNode
