[0.558s] Invoking command in '/workspace/AUTO4508-Team-2/src/pioneer_robot': PYTHONPATH=/workspace/AUTO4508-Team-2/build/pioneer_robot/prefix_override:/usr/lib/python3/dist-packages/colcon_core/task/python/colcon_distutils_commands:/workspace/AUTO4508-Team-2/install/pioneer_robot/lib/python3.12/site-packages:${PYTHONPATH} /usr/bin/python3 -W ignore:setup.py install is deprecated -W ignore:easy_install command is deprecated setup.py egg_info --egg-base ../../build/pioneer_robot build --build-base /workspace/AUTO4508-Team-2/build/pioneer_robot/build install --record /workspace/AUTO4508-Team-2/build/pioneer_robot/install.log --single-version-externally-managed install_data
[0.703s] running egg_info
[0.712s] writing ../../build/pioneer_robot/pioneer_robot.egg-info/PKG-INFO
[0.713s] writing dependency_links to ../../build/pioneer_robot/pioneer_robot.egg-info/dependency_links.txt
[0.713s] writing entry points to ../../build/pioneer_robot/pioneer_robot.egg-info/entry_points.txt
[0.713s] writing requirements to ../../build/pioneer_robot/pioneer_robot.egg-info/requires.txt
[0.713s] writing top-level names to ../../build/pioneer_robot/pioneer_robot.egg-info/top_level.txt
[0.731s] reading manifest file '../../build/pioneer_robot/pioneer_robot.egg-info/SOURCES.txt'
[0.732s] writing manifest file '../../build/pioneer_robot/pioneer_robot.egg-info/SOURCES.txt'
[0.732s] running build
[0.733s] running build_py
[0.733s] running install
[0.737s] running install_lib
[0.748s] running install_data
[0.749s] running install_egg_info
[0.760s] removing '/workspace/AUTO4508-Team-2/install/pioneer_robot/lib/python3.12/site-packages/pioneer_robot-0.0.0-py3.12.egg-info' (and everything under it)
[0.760s] Copying ../../build/pioneer_robot/pioneer_robot.egg-info to /workspace/AUTO4508-Team-2/install/pioneer_robot/lib/python3.12/site-packages/pioneer_robot-0.0.0-py3.12.egg-info
[0.761s] running install_scripts
[0.831s] Installing gps_waypoint_follower script to /workspace/AUTO4508-Team-2/install/pioneer_robot/lib/pioneer_robot
[0.831s] Installing waypoint_follower script to /workspace/AUTO4508-Team-2/install/pioneer_robot/lib/pioneer_robot
[0.832s] writing list of installed files to '/workspace/AUTO4508-Team-2/build/pioneer_robot/install.log'
[0.850s] Invoked command in '/workspace/AUTO4508-Team-2/src/pioneer_robot' returned '0': PYTHONPATH=/workspace/AUTO4508-Team-2/build/pioneer_robot/prefix_override:/usr/lib/python3/dist-packages/colcon_core/task/python/colcon_distutils_commands:/workspace/AUTO4508-Team-2/install/pioneer_robot/lib/python3.12/site-packages:${PYTHONPATH} /usr/bin/python3 -W ignore:setup.py install is deprecated -W ignore:easy_install command is deprecated setup.py egg_info --egg-base ../../build/pioneer_robot build --build-base /workspace/AUTO4508-Team-2/build/pioneer_robot/build install --record /workspace/AUTO4508-Team-2/build/pioneer_robot/install.log --single-version-externally-managed install_data
