[0.008s] Invoking command in '/workspace/build/ariaNode': CMAKE_PREFIX_PATH=${CMAKE_PREFIX_PATH}:/workspace/install/pioneer_robot:/opt/ros/jazzy /usr/bin/cmake --build /workspace/build/ariaNode -- -j8 -l8
[0.057s] [ 50%] [32mBuilding CXX object CMakeFiles/ariaNode.dir/src/ariaNode.cpp.o[0m
[6.226s] [100%] [32m[1mLinking CXX executable ariaNode[0m
[6.508s] [100%] Built target ariaNode
[6.516s] Invoked command in '/workspace/build/ariaNode' returned '0': CMAKE_PREFIX_PATH=${CMAKE_PREFIX_PATH}:/workspace/install/pioneer_robot:/opt/ros/jazzy /usr/bin/cmake --build /workspace/build/ariaNode -- -j8 -l8
[6.523s] Invoking command in '/workspace/build/ariaNode': CMAKE_PREFIX_PATH=${CMAKE_PREFIX_PATH}:/workspace/install/pioneer_robot:/opt/ros/jazzy /usr/bin/cmake --install /workspace/build/ariaNode
[6.528s] -- Install configuration: ""
[6.529s] -- Installing: /workspace/install/ariaNode/lib/ariaNode/ariaNode
[6.531s] -- Set non-toolchain portion of runtime path of "/workspace/install/ariaNode/lib/ariaNode/ariaNode" to ""
[6.531s] -- Up-to-date: /workspace/install/ariaNode/share/ament_index/resource_index/package_run_dependencies/ariaNode
[6.531s] -- Up-to-date: /workspace/install/ariaNode/share/ament_index/resource_index/parent_prefix_path/ariaNode
[6.531s] -- Up-to-date: /workspace/install/ariaNode/share/ariaNode/environment/ament_prefix_path.sh
[6.532s] -- Up-to-date: /workspace/install/ariaNode/share/ariaNode/environment/ament_prefix_path.dsv
[6.532s] -- Up-to-date: /workspace/install/ariaNode/share/ariaNode/environment/path.sh
[6.532s] -- Up-to-date: /workspace/install/ariaNode/share/ariaNode/environment/path.dsv
[6.532s] -- Up-to-date: /workspace/install/ariaNode/share/ariaNode/local_setup.bash
[6.532s] -- Up-to-date: /workspace/install/ariaNode/share/ariaNode/local_setup.sh
[6.532s] -- Up-to-date: /workspace/install/ariaNode/share/ariaNode/local_setup.zsh
[6.532s] -- Up-to-date: /workspace/install/ariaNode/share/ariaNode/local_setup.dsv
[6.532s] -- Installing: /workspace/install/ariaNode/share/ariaNode/package.dsv
[6.532s] -- Up-to-date: /workspace/install/ariaNode/share/ament_index/resource_index/packages/ariaNode
[6.532s] -- Up-to-date: /workspace/install/ariaNode/share/ariaNode/cmake/ariaNodeConfig.cmake
[6.532s] -- Up-to-date: /workspace/install/ariaNode/share/ariaNode/cmake/ariaNodeConfig-version.cmake
[6.532s] -- Up-to-date: /workspace/install/ariaNode/share/ariaNode/package.xml
[6.533s] Invoked command in '/workspace/build/ariaNode' returned '0': CMAKE_PREFIX_PATH=${CMAKE_PREFIX_PATH}:/workspace/install/pioneer_robot:/opt/ros/jazzy /usr/bin/cmake --install /workspace/build/ariaNode
