running egg_info
writing ../../build/pioneer_robot/pioneer_robot.egg-info/PKG-INFO
writing dependency_links to ../../build/pioneer_robot/pioneer_robot.egg-info/dependency_links.txt
writing entry points to ../../build/pioneer_robot/pioneer_robot.egg-info/entry_points.txt
writing requirements to ../../build/pioneer_robot/pioneer_robot.egg-info/requires.txt
writing top-level names to ../../build/pioneer_robot/pioneer_robot.egg-info/top_level.txt
reading manifest file '../../build/pioneer_robot/pioneer_robot.egg-info/SOURCES.txt'
writing manifest file '../../build/pioneer_robot/pioneer_robot.egg-info/SOURCES.txt'
running build
running build_py
copying pioneer_robot/local_controller.py -> /workspace/build/pioneer_robot/build/lib/pioneer_robot
running install
running install_lib
copying /workspace/build/pioneer_robot/build/lib/pioneer_robot/local_controller.py -> /workspace/install/pioneer_robot/lib/python3.12/site-packages/pioneer_robot
byte-compiling /workspace/install/pioneer_robot/lib/python3.12/site-packages/pioneer_robot/local_controller.py to local_controller.cpython-312.pyc
running install_data
running install_egg_info
removing '/workspace/install/pioneer_robot/lib/python3.12/site-packages/pioneer_robot-0.0.0-py3.12.egg-info' (and everything under it)
Copying ../../build/pioneer_robot/pioneer_robot.egg-info to /workspace/install/pioneer_robot/lib/python3.12/site-packages/pioneer_robot-0.0.0-py3.12.egg-info
running install_scripts
Installing cone_detector script to /workspace/install/pioneer_robot/lib/pioneer_robot
Installing gps_waypoint_follower script to /workspace/install/pioneer_robot/lib/pioneer_robot
Installing joy_controller script to /workspace/install/pioneer_robot/lib/pioneer_robot
Installing local_controller script to /workspace/install/pioneer_robot/lib/pioneer_robot
Installing waypoint_follower script to /workspace/install/pioneer_robot/lib/pioneer_robot
writing list of installed files to '/workspace/build/pioneer_robot/install.log'
