[0.519s] Invoking command in '/workspace/src/pioneer_robot': PYTHONPATH=/workspace/build/pioneer_robot/prefix_override:/usr/lib/python3/dist-packages/colcon_core/task/python/colcon_distutils_commands:/workspace/install/pioneer_robot/lib/python3.12/site-packages:${PYTHONPATH} /usr/bin/python3 -W ignore:setup.py install is deprecated -W ignore:easy_install command is deprecated setup.py egg_info --egg-base ../../build/pioneer_robot build --build-base /workspace/build/pioneer_robot/build install --record /workspace/build/pioneer_robot/install.log --single-version-externally-managed install_data
[0.684s] running egg_info
[0.694s] writing ../../build/pioneer_robot/pioneer_robot.egg-info/PKG-INFO
[0.694s] writing dependency_links to ../../build/pioneer_robot/pioneer_robot.egg-info/dependency_links.txt
[0.694s] writing entry points to ../../build/pioneer_robot/pioneer_robot.egg-info/entry_points.txt
[0.694s] writing requirements to ../../build/pioneer_robot/pioneer_robot.egg-info/requires.txt
[0.694s] writing top-level names to ../../build/pioneer_robot/pioneer_robot.egg-info/top_level.txt
[0.720s] reading manifest file '../../build/pioneer_robot/pioneer_robot.egg-info/SOURCES.txt'
[0.722s] writing manifest file '../../build/pioneer_robot/pioneer_robot.egg-info/SOURCES.txt'
[0.722s] running build
[0.722s] running build_py
[0.722s] copying pioneer_robot/local_controller.py -> /workspace/build/pioneer_robot/build/lib/pioneer_robot
[0.722s] running install
[0.727s] running install_lib
[0.738s] copying /workspace/build/pioneer_robot/build/lib/pioneer_robot/local_controller.py -> /workspace/install/pioneer_robot/lib/python3.12/site-packages/pioneer_robot
[0.739s] byte-compiling /workspace/install/pioneer_robot/lib/python3.12/site-packages/pioneer_robot/local_controller.py to local_controller.cpython-312.pyc
[0.743s] running install_data
[0.744s] running install_egg_info
[0.760s] removing '/workspace/install/pioneer_robot/lib/python3.12/site-packages/pioneer_robot-0.0.0-py3.12.egg-info' (and everything under it)
[0.760s] Copying ../../build/pioneer_robot/pioneer_robot.egg-info to /workspace/install/pioneer_robot/lib/python3.12/site-packages/pioneer_robot-0.0.0-py3.12.egg-info
[0.761s] running install_scripts
[0.845s] Installing cone_detector script to /workspace/install/pioneer_robot/lib/pioneer_robot
[0.845s] Installing gps_waypoint_follower script to /workspace/install/pioneer_robot/lib/pioneer_robot
[0.845s] Installing joy_controller script to /workspace/install/pioneer_robot/lib/pioneer_robot
[0.845s] Installing local_controller script to /workspace/install/pioneer_robot/lib/pioneer_robot
[0.845s] Installing waypoint_follower script to /workspace/install/pioneer_robot/lib/pioneer_robot
[0.845s] writing list of installed files to '/workspace/build/pioneer_robot/install.log'
[0.867s] Invoked command in '/workspace/src/pioneer_robot' returned '0': PYTHONPATH=/workspace/build/pioneer_robot/prefix_override:/usr/lib/python3/dist-packages/colcon_core/task/python/colcon_distutils_commands:/workspace/install/pioneer_robot/lib/python3.12/site-packages:${PYTHONPATH} /usr/bin/python3 -W ignore:setup.py install is deprecated -W ignore:easy_install command is deprecated setup.py egg_info --egg-base ../../build/pioneer_robot build --build-base /workspace/build/pioneer_robot/build install --record /workspace/build/pioneer_robot/install.log --single-version-externally-managed install_data
