/workspace/install/pioneer_robot/lib/python3.12/site-packages/pioneer_robot/joy_controller.py
/workspace/install/pioneer_robot/lib/python3.12/site-packages/pioneer_robot/elastic_controller.py
/workspace/install/pioneer_robot/lib/python3.12/site-packages/pioneer_robot/gps_logger.py
/workspace/install/pioneer_robot/lib/python3.12/site-packages/pioneer_robot/waypoint_follower.py
/workspace/install/pioneer_robot/lib/python3.12/site-packages/pioneer_robot/gps_waypoint_follower.py
/workspace/install/pioneer_robot/lib/python3.12/site-packages/pioneer_robot/goal_relay.py
/workspace/install/pioneer_robot/lib/python3.12/site-packages/pioneer_robot/local_controller.py
/workspace/install/pioneer_robot/lib/python3.12/site-packages/pioneer_robot/oak_driver_node.py
/workspace/install/pioneer_robot/lib/python3.12/site-packages/pioneer_robot/relative_waypoint_follower.py
/workspace/install/pioneer_robot/lib/python3.12/site-packages/pioneer_robot/cone_detector.py
/workspace/install/pioneer_robot/lib/python3.12/site-packages/pioneer_robot/__init__.py
/workspace/install/pioneer_robot/lib/python3.12/site-packages/pioneer_robot/scan_visualizer.py
/workspace/install/pioneer_robot/lib/python3.12/site-packages/pioneer_robot/phidgets_imu_node.py
/workspace/install/pioneer_robot/lib/python3.12/site-packages/pioneer_robot/__pycache__/joy_controller.cpython-312.pyc
/workspace/install/pioneer_robot/lib/python3.12/site-packages/pioneer_robot/__pycache__/elastic_controller.cpython-312.pyc
/workspace/install/pioneer_robot/lib/python3.12/site-packages/pioneer_robot/__pycache__/gps_logger.cpython-312.pyc
/workspace/install/pioneer_robot/lib/python3.12/site-packages/pioneer_robot/__pycache__/waypoint_follower.cpython-312.pyc
/workspace/install/pioneer_robot/lib/python3.12/site-packages/pioneer_robot/__pycache__/gps_waypoint_follower.cpython-312.pyc
/workspace/install/pioneer_robot/lib/python3.12/site-packages/pioneer_robot/__pycache__/goal_relay.cpython-312.pyc
/workspace/install/pioneer_robot/lib/python3.12/site-packages/pioneer_robot/__pycache__/local_controller.cpython-312.pyc
/workspace/install/pioneer_robot/lib/python3.12/site-packages/pioneer_robot/__pycache__/oak_driver_node.cpython-312.pyc
/workspace/install/pioneer_robot/lib/python3.12/site-packages/pioneer_robot/__pycache__/relative_waypoint_follower.cpython-312.pyc
/workspace/install/pioneer_robot/lib/python3.12/site-packages/pioneer_robot/__pycache__/cone_detector.cpython-312.pyc
/workspace/install/pioneer_robot/lib/python3.12/site-packages/pioneer_robot/__pycache__/__init__.cpython-312.pyc
/workspace/install/pioneer_robot/lib/python3.12/site-packages/pioneer_robot/__pycache__/scan_visualizer.cpython-312.pyc
/workspace/install/pioneer_robot/lib/python3.12/site-packages/pioneer_robot/__pycache__/phidgets_imu_node.cpython-312.pyc
/workspace/install/pioneer_robot/share/ament_index/resource_index/packages/pioneer_robot
/workspace/install/pioneer_robot/share/pioneer_robot/package.xml
/workspace/install/pioneer_robot/share/pioneer_robot/launch/launch.py
/workspace/install/pioneer_robot/share/pioneer_robot/launch/base_imu_ekf.py
/workspace/install/pioneer_robot/share/pioneer_robot/resources/worlds/basic_urdf.sdf
/workspace/install/pioneer_robot/share/pioneer_robot/resources/robots/pioneer.urdf
/workspace/install/pioneer_robot/share/pioneer_robot/resources/meshes/top.dae
/workspace/install/pioneer_robot/share/pioneer_robot/resources/meshes/hokuyo.dae
/workspace/install/pioneer_robot/share/pioneer_robot/resources/meshes/axle.dae
/workspace/install/pioneer_robot/share/pioneer_robot/resources/meshes/Coordinates
/workspace/install/pioneer_robot/share/pioneer_robot/resources/meshes/left_hubcap.dae
/workspace/install/pioneer_robot/share/pioneer_robot/resources/meshes/tampa4_mesh.dae
/workspace/install/pioneer_robot/share/pioneer_robot/resources/meshes/kinect.tga
/workspace/install/pioneer_robot/share/pioneer_robot/resources/meshes/hokuyo1.dae
/workspace/install/pioneer_robot/share/pioneer_robot/resources/meshes/suporte_depth_mesh.dae
/workspace/install/pioneer_robot/share/pioneer_robot/resources/meshes/left_hubcap_mesh.dae
/workspace/install/pioneer_robot/share/pioneer_robot/resources/meshes/suporte_kinect_mesh.dae
/workspace/install/pioneer_robot/share/pioneer_robot/resources/meshes/suporte_armControl_mesh.dae
/workspace/install/pioneer_robot/share/pioneer_robot/resources/meshes/tampa2_mesh.dae
/workspace/install/pioneer_robot/share/pioneer_robot/resources/meshes/wheel.dae
/workspace/install/pioneer_robot/share/pioneer_robot/resources/meshes/suporte_base_mesh.dae
/workspace/install/pioneer_robot/share/pioneer_robot/resources/meshes/suporte_base_mesh2.dae
/workspace/install/pioneer_robot/share/pioneer_robot/resources/meshes/back_sonar.dae
/workspace/install/pioneer_robot/share/pioneer_robot/resources/meshes/suporte_monitor_mesh.dae
/workspace/install/pioneer_robot/share/pioneer_robot/resources/meshes/hokuyo_convex.stl
/workspace/install/pioneer_robot/share/pioneer_robot/resources/meshes/back_sonar_mesh.dae
/workspace/install/pioneer_robot/share/pioneer_robot/resources/meshes/right_hubcap.dae
/workspace/install/pioneer_robot/share/pioneer_robot/resources/meshes/front_sonar.dae
/workspace/install/pioneer_robot/share/pioneer_robot/resources/meshes/cone.obj
/workspace/install/pioneer_robot/share/pioneer_robot/resources/meshes/tv_mesh.dae
/workspace/install/pioneer_robot/share/pioneer_robot/resources/meshes/bucket.obj
/workspace/install/pioneer_robot/share/pioneer_robot/resources/meshes/kinect.dae
/workspace/install/pioneer_robot/share/pioneer_robot/resources/meshes/chassis.dae
/workspace/install/pioneer_robot/share/pioneer_robot/resources/meshes/tampa1_mesh.dae
/workspace/install/pioneer_robot/share/pioneer_robot/resources/meshes/tampa3_mesh.dae
/workspace/install/pioneer_robot/share/pioneer_robot/resources/meshes/arm_control_box_mesh.dae
/workspace/install/pioneer_robot/share/pioneer_robot/resources/meshes/p3at_meshes/top.dae
/workspace/install/pioneer_robot/share/pioneer_robot/resources/meshes/p3at_meshes/axle.dae
/workspace/install/pioneer_robot/share/pioneer_robot/resources/meshes/p3at_meshes/Coordinates
/workspace/install/pioneer_robot/share/pioneer_robot/resources/meshes/p3at_meshes/left_hubcap.dae
/workspace/install/pioneer_robot/share/pioneer_robot/resources/meshes/p3at_meshes/wheel.dae
/workspace/install/pioneer_robot/share/pioneer_robot/resources/meshes/p3at_meshes/back_sonar.dae
/workspace/install/pioneer_robot/share/pioneer_robot/resources/meshes/p3at_meshes/top.stl
/workspace/install/pioneer_robot/share/pioneer_robot/resources/meshes/p3at_meshes/right_hubcap.dae
/workspace/install/pioneer_robot/share/pioneer_robot/resources/meshes/p3at_meshes/left_hubcap.stl
/workspace/install/pioneer_robot/share/pioneer_robot/resources/meshes/p3at_meshes/front_sonar.dae
/workspace/install/pioneer_robot/share/pioneer_robot/resources/meshes/p3at_meshes/wheel.stl
/workspace/install/pioneer_robot/share/pioneer_robot/resources/meshes/p3at_meshes/chassis.stl
/workspace/install/pioneer_robot/share/pioneer_robot/resources/meshes/p3at_meshes/chassis.dae
/workspace/install/pioneer_robot/share/pioneer_robot/resources/meshes/p3at_meshes/front_sonar.stl
/workspace/install/pioneer_robot/share/pioneer_robot/resources/meshes/p3at_meshes/axle.stl
/workspace/install/pioneer_robot/share/pioneer_robot/resources/meshes/p3at_meshes/back_sonar.stl
/workspace/install/pioneer_robot/share/pioneer_robot/resources/meshes/p3at_meshes/right_hubcap.stl
/workspace/install/pioneer_robot/share/pioneer_robot/config/nav2_simple_params.yaml
/workspace/install/pioneer_robot/share/pioneer_robot/config/navsat_transform_params.yaml
/workspace/install/pioneer_robot/share/pioneer_robot/config/teleop_config.yaml
/workspace/install/pioneer_robot/share/pioneer_robot/config/nav2_params.yaml
/workspace/install/pioneer_robot/share/pioneer_robot/config/slam_params.yaml
/workspace/install/pioneer_robot/share/pioneer_robot/config/ekf_global_params.yaml
/workspace/install/pioneer_robot/share/pioneer_robot/config/ekf_params.yaml
/workspace/install/pioneer_robot/share/pioneer_robot/config/navsat_params.yaml
/workspace/install/pioneer_robot/share/pioneer_robot/config/waypoints.csv
/workspace/install/pioneer_robot/share/pioneer_robot/config/square_test.csv
/workspace/install/pioneer_robot/lib/python3.12/site-packages/pioneer_robot-0.0.0-py3.12.egg-info/dependency_links.txt
/workspace/install/pioneer_robot/lib/python3.12/site-packages/pioneer_robot-0.0.0-py3.12.egg-info/top_level.txt
/workspace/install/pioneer_robot/lib/python3.12/site-packages/pioneer_robot-0.0.0-py3.12.egg-info/requires.txt
/workspace/install/pioneer_robot/lib/python3.12/site-packages/pioneer_robot-0.0.0-py3.12.egg-info/zip-safe
/workspace/install/pioneer_robot/lib/python3.12/site-packages/pioneer_robot-0.0.0-py3.12.egg-info/entry_points.txt
/workspace/install/pioneer_robot/lib/python3.12/site-packages/pioneer_robot-0.0.0-py3.12.egg-info/SOURCES.txt
/workspace/install/pioneer_robot/lib/python3.12/site-packages/pioneer_robot-0.0.0-py3.12.egg-info/PKG-INFO
/workspace/install/pioneer_robot/lib/pioneer_robot/cone_detector
/workspace/install/pioneer_robot/lib/pioneer_robot/elastic_controller
/workspace/install/pioneer_robot/lib/pioneer_robot/goal_relay
/workspace/install/pioneer_robot/lib/pioneer_robot/gps_logger
/workspace/install/pioneer_robot/lib/pioneer_robot/gps_waypoint_follower
/workspace/install/pioneer_robot/lib/pioneer_robot/joy_controller
/workspace/install/pioneer_robot/lib/pioneer_robot/local_controller
/workspace/install/pioneer_robot/lib/pioneer_robot/oak_driver_node
/workspace/install/pioneer_robot/lib/pioneer_robot/relative_waypoint_follower
/workspace/install/pioneer_robot/lib/pioneer_robot/scan_visualizer
/workspace/install/pioneer_robot/lib/pioneer_robot/waypoint_follower
