[0.452s] Invoking command in '/home/winton/ros2_ws/src/pioneer_robot': DEBUGINFOD_URLS=https://debuginfod.ubuntu.com PYTHONPATH=/home/winton/ros2_ws/build/pioneer_robot/prefix_override:/usr/lib/python3/dist-packages/colcon_core/task/python/colcon_distutils_commands:/home/winton/ros2_ws/install/pioneer_robot/lib/python3.12/site-packages:${PYTHONPATH} /usr/bin/python3 -W ignore:setup.py install is deprecated -W ignore:easy_install command is deprecated setup.py egg_info --egg-base ../../build/pioneer_robot build --build-base /home/winton/ros2_ws/build/pioneer_robot/build install --record /home/winton/ros2_ws/build/pioneer_robot/install.log --single-version-externally-managed install_data
[0.597s] running egg_info
[0.607s] writing ../../build/pioneer_robot/pioneer_robot.egg-info/PKG-INFO
[0.607s] writing dependency_links to ../../build/pioneer_robot/pioneer_robot.egg-info/dependency_links.txt
[0.607s] writing requirements to ../../build/pioneer_robot/pioneer_robot.egg-info/requires.txt
[0.608s] writing top-level names to ../../build/pioneer_robot/pioneer_robot.egg-info/top_level.txt
[0.628s] reading manifest file '../../build/pioneer_robot/pioneer_robot.egg-info/SOURCES.txt'
[0.629s] writing manifest file '../../build/pioneer_robot/pioneer_robot.egg-info/SOURCES.txt'
[0.629s] running build
[0.629s] running build_py
[0.629s] running install
[0.633s] running install_lib
[0.644s] running install_data
[0.644s] copying config/nav2_params.yaml -> /home/winton/ros2_ws/install/pioneer_robot/share/pioneer_robot/config
[0.644s] running install_egg_info
[0.655s] removing '/home/winton/ros2_ws/install/pioneer_robot/lib/python3.12/site-packages/pioneer_robot-0.0.0-py3.12.egg-info' (and everything under it)
[0.655s] Copying ../../build/pioneer_robot/pioneer_robot.egg-info to /home/winton/ros2_ws/install/pioneer_robot/lib/python3.12/site-packages/pioneer_robot-0.0.0-py3.12.egg-info
[0.656s] running install_scripts
[0.728s] writing list of installed files to '/home/winton/ros2_ws/build/pioneer_robot/install.log'
[0.746s] Invoked command in '/home/winton/ros2_ws/src/pioneer_robot' returned '0': DEBUGINFOD_URLS=https://debuginfod.ubuntu.com PYTHONPATH=/home/winton/ros2_ws/build/pioneer_robot/prefix_override:/usr/lib/python3/dist-packages/colcon_core/task/python/colcon_distutils_commands:/home/winton/ros2_ws/install/pioneer_robot/lib/python3.12/site-packages:${PYTHONPATH} /usr/bin/python3 -W ignore:setup.py install is deprecated -W ignore:easy_install command is deprecated setup.py egg_info --egg-base ../../build/pioneer_robot build --build-base /home/winton/ros2_ws/build/pioneer_robot/build install --record /home/winton/ros2_ws/build/pioneer_robot/install.log --single-version-externally-managed install_data
