[0.011s] Invoking command in '/workspace/build/ariaNode': CMAKE_PREFIX_PATH=${CMAKE_PREFIX_PATH}:/workspace/install/pioneer_robot:/opt/ros/jazzy /usr/bin/cmake --build /workspace/build/ariaNode -- -j8 -l8
[0.059s] [ 50%] [32mBuilding CXX object CMakeFiles/ariaNode.dir/src/ariaNode.cpp.o[0m
[6.737s] [100%] [32m[1mLinking CXX executable ariaNode[0m
[7.033s] [100%] Built target ariaNode
[7.041s] Invoked command in '/workspace/build/ariaNode' returned '0': CMAKE_PREFIX_PATH=${CMAKE_PREFIX_PATH}:/workspace/install/pioneer_robot:/opt/ros/jazzy /usr/bin/cmake --build /workspace/build/ariaNode -- -j8 -l8
[7.048s] Invoking command in '/workspace/build/ariaNode': CMAKE_PREFIX_PATH=${CMAKE_PREFIX_PATH}:/workspace/install/pioneer_robot:/opt/ros/jazzy /usr/bin/cmake --install /workspace/build/ariaNode
[7.054s] -- Install configuration: ""
[7.054s] -- Installing: /workspace/install/ariaNode/lib/ariaNode/ariaNode
[7.056s] -- Set non-toolchain portion of runtime path of "/workspace/install/ariaNode/lib/ariaNode/ariaNode" to ""
[7.056s] -- Up-to-date: /workspace/install/ariaNode/share/ament_index/resource_index/package_run_dependencies/ariaNode
[7.056s] -- Up-to-date: /workspace/install/ariaNode/share/ament_index/resource_index/parent_prefix_path/ariaNode
[7.056s] -- Up-to-date: /workspace/install/ariaNode/share/ariaNode/environment/ament_prefix_path.sh
[7.056s] -- Up-to-date: /workspace/install/ariaNode/share/ariaNode/environment/ament_prefix_path.dsv
[7.057s] -- Up-to-date: /workspace/install/ariaNode/share/ariaNode/environment/path.sh
[7.057s] -- Up-to-date: /workspace/install/ariaNode/share/ariaNode/environment/path.dsv
[7.057s] -- Up-to-date: /workspace/install/ariaNode/share/ariaNode/local_setup.bash
[7.057s] -- Up-to-date: /workspace/install/ariaNode/share/ariaNode/local_setup.sh
[7.057s] -- Up-to-date: /workspace/install/ariaNode/share/ariaNode/local_setup.zsh
[7.057s] -- Up-to-date: /workspace/install/ariaNode/share/ariaNode/local_setup.dsv
[7.057s] -- Installing: /workspace/install/ariaNode/share/ariaNode/package.dsv
[7.057s] -- Up-to-date: /workspace/install/ariaNode/share/ament_index/resource_index/packages/ariaNode
[7.057s] -- Up-to-date: /workspace/install/ariaNode/share/ariaNode/cmake/ariaNodeConfig.cmake
[7.057s] -- Up-to-date: /workspace/install/ariaNode/share/ariaNode/cmake/ariaNodeConfig-version.cmake
[7.057s] -- Up-to-date: /workspace/install/ariaNode/share/ariaNode/package.xml
[7.058s] Invoked command in '/workspace/build/ariaNode' returned '0': CMAKE_PREFIX_PATH=${CMAKE_PREFIX_PATH}:/workspace/install/pioneer_robot:/opt/ros/jazzy /usr/bin/cmake --install /workspace/build/ariaNode
